#
# A fatal error has been detected by the Java Runtime Environment:
#
#  Internal Error (jvmciRuntime.cpp:1609), pid=26, tid=40
#  fatal error: Fatal exception in JVMCI: Error calling jdk.vm.ci.services.Services.serializeSavedProperties
#
# JRE version: OpenJDK Runtime Environment GraalVM CE 22.3.0 (17.0.5+8) (build 17.0.5+8-jvmci-22.3-b08)
# Java VM: OpenJDK 64-Bit Server VM GraalVM CE 22.3.0 (17.0.5+8-jvmci-22.3-b08, mixed mode, sharing, tiered, jvmci, jvmci compiler, compressed oops, compressed class ptrs, parallel gc, linux-amd64)
# Problematic frame:
# V  [libjvm.so+0x972714]  JVMCIRuntime::fatal_exception(JVMCIEnv*, char const*)+0x74
#
# Core dump will be written. Default location: Core dumps may be processed with "/usr/share/apport/apport -p%p -s%s -c%c -d%d -P%P -u%u -g%g -- %E" (or dumping to /home/runner/Cheesesticks-Lunkman-Java/core.26)
#
# If you would like to submit a bug report, please visit:
#   https://github.com/oracle/graal/issues
#

---------------  S U M M A R Y ------------

Command Line: -XX:ThreadPriorityPolicy=1 -XX:+UnlockExperimentalVMOptions -XX:+EnableJVMCIProduct -XX:JVMCIThreadsPerNativeLibraryRuntime=1 -XX:-UnlockExperimentalVMOptions -Declipse.application=org.eclipse.jdt.ls.core.id1 -Dosgi.bundles.defaultStartLevel=4 -Declipse.product=org.eclipse.jdt.ls.core.product -Dlog.level=ALL -Xverify:none -XX:+UseParallelGC -XX:GCTimeRatio=4 -XX:AdaptiveSizePolicyWeight=90 -Dsun.zip.disableMemoryMapping=true -Xmx512m -Xms100m /nix/store/m6gcpi1ii6rghy04cjwjddcavv7i90df-jdt-language-server-1.9.0/share/java/plugins/org.eclipse.equinox.launcher_1.6.400.v20210924-0641.jar --add-modules=ALL-SYSTEM --add-opens java.base/java.util=ALL-UNNAMED --add-opens java.base/java.lang=ALL-UNNAMED -configuration /home/runner/.cache/jdt-language-server/config -data /home/runner/.cache/jdt-language-server/data/home/runner/Cheesesticks-Lunkman-Java

Host: AMD EPYC 7B12, 8 cores, 1G, Ubuntu 20.04.2 LTS
Time: Fri Jan  6 17:07:21 2023 UTC elapsed time: 978.956571 seconds (0d 0h 16m 18s)

---------------  T H R E A D  ---------------

Current thread (0x00007fdbe80b2200):  JavaThread "JVMCI-native CompilerThread0" daemon [_thread_in_vm, id=40, stack(0x00007fdbcdd18000,0x00007fdbcdf18000)]


Current CompileTask:
JVMCI-native: 978957 9392       4       org.eclipse.jdt.internal.compiler.parser.Scanner::getNextToken (179 bytes)

Stack: [0x00007fdbcdd18000,0x00007fdbcdf18000],  sp=0x00007fdbcdf16380,  free space=2040k
Native frames: (J=compiled Java code, j=interpreted, Vv=VM code, C=native code)
V  [libjvm.so+0x972714]  JVMCIRuntime::fatal_exception(JVMCIEnv*, char const*)+0x74
V  [libjvm.so+0x93e2fe]  JVMCIEnv::copy_saved_properties()+0x14e
V  [libjvm.so+0x9732a9]  JVMCIRuntime::initialize(JVMCIEnv*)+0xb19
V  [libjvm.so+0x9738a2]  JVMCIRuntime::get_HotSpotJVMCIRuntime(JVMCIEnv*)+0x12
V  [libjvm.so+0x9749f2]  JVMCIRuntime::compile_method(JVMCIEnv*, JVMCICompiler*, methodHandle const&, int)+0xd2
V  [libjvm.so+0x5b0d20]  CompileBroker::invoke_compiler_on_method(CompileTask*)+0x1470
V  [libjvm.so+0x5b12e8]  CompileBroker::compiler_thread_loop()+0x528
V  [libjvm.so+0xd82460]  JavaThread::thread_main_inner()+0xd0
V  [libjvm.so+0xd85a40]  Thread::call_run()+0xc0
V  [libjvm.so+0xbdb1e1]  thread_native_entry(Thread*)+0xe1

Register to memory mapping:

RAX=0x00007fdbeda47000 points into unknown readable memory: 0x0000000000000058 | 58 00 00 00 00 00 00 00
RBX=0x00007fdbeeb42398: <offset 0x0000000000ef5398> in /nix/store/gpxl5qgg8kicmcvivwmybwjlpf7wh20l-graalvm17-ce-22.3.0/lib/server/libjvm.so at 0x00007fdbedc4d000
RCX=0x00007fdbeeafa1e8: <offset 0x0000000000ead1e8> in /nix/store/gpxl5qgg8kicmcvivwmybwjlpf7wh20l-graalvm17-ce-22.3.0/lib/server/libjvm.so at 0x00007fdbedc4d000
RDX=0x0000000000000649 is an unknown value
RSP=0x00007fdbcdf16380 is pointing into the stack for thread: 0x00007fdbe80b2200
RBP=0x00007fdbcdf163a0 is pointing into the stack for thread: 0x00007fdbe80b2200
RSI=0x00007fdbeeb42c48: <offset 0x0000000000ef5c48> in /nix/store/gpxl5qgg8kicmcvivwmybwjlpf7wh20l-graalvm17-ce-22.3.0/lib/server/libjvm.so at 0x00007fdbedc4d000
RDI=0x00000000e0000000 is an oop: [B 
{0x00000000e0000000} - klass: {type array byte}
 - length: 49
R8 =0x00007fdbeeb42398: <offset 0x0000000000ef5398> in /nix/store/gpxl5qgg8kicmcvivwmybwjlpf7wh20l-graalvm17-ce-22.3.0/lib/server/libjvm.so at 0x00007fdbedc4d000
R9 =0x00007fdbcdf16330 is pointing into the stack for thread: 0x00007fdbe80b2200
R10=0x00007fdbcdf17948 is pointing into the stack for thread: 0x00007fdbe80b2200
R11=0x0000000000000293 is an unknown value
R12=0x0 is NULL
R13=0x00007fdbe80b2200 is a thread
R14=0x00007fdbe8000b80 points into unknown readable memory: 0x00007fdbeed73a38 | 38 3a d7 ee db 7f 00 00
R15=0x00007fdbeee81e40: <offset 0x0000000001234e40> in /nix/store/gpxl5qgg8kicmcvivwmybwjlpf7wh20l-graalvm17-ce-22.3.0/lib/server/libjvm.so at 0x00007fdbedc4d000


Registers:
RAX=0x00007fdbeda47000, RBX=0x00007fdbeeb42398, RCX=0x00007fdbeeafa1e8, RDX=0x0000000000000649
RSP=0x00007fdbcdf16380, RBP=0x00007fdbcdf163a0, RSI=0x00007fdbeeb42c48, RDI=0x00000000e0000000
R8 =0x00007fdbeeb42398, R9 =0x00007fdbcdf16330, R10=0x00007fdbcdf17948, R11=0x0000000000000293
R12=0x0000000000000000, R13=0x00007fdbe80b2200, R14=0x00007fdbe8000b80, R15=0x00007fdbeee81e40
RIP=0x00007fdbee5bf714, EFLAGS=0x0000000000010206, CSGSFS=0x002b000000000033, ERR=0x0000000000000006
  TRAPNO=0x000000000000000e

Top of Stack: (sp=0x00007fdbcdf16380)
0x00007fdbcdf16380:   00007fdbcdf16940 00007fdbe80b2200
0x00007fdbcdf16390:   00007fdbec3d88c8 0000000800c409d8
0x00007fdbcdf163a0:   00007fdbcdf16500 00007fdbee58b2fe
0x00007fdbcdf163b0:   00007fdbcdf163e0 00007fdbcdf16440 

Instructions: (pc=0x00007fdbee5bf714)
0x00007fdbee5bf614:   30 e8 f6 cf e8 ff 4c 89 e7 e8 2e 48 d1 ff 84 db
0x00007fdbee5bf624:   75 2a 4d 85 ed 74 04 4d 8b 6d 00 48 83 c4 08 44
0x00007fdbee5bf634:   89 f9 4c 89 f2 4c 89 ee 5b 4c 89 e7 41 5c 41 5d
0x00007fdbee5bf644:   41 5e 41 5f 5d e9 e2 47 d1 ff 66 90 48 83 c4 08
0x00007fdbee5bf654:   5b 41 5c 41 5d 41 5e 41 5f 5d c3 90 31 d2 be 08
0x00007fdbee5bf664:   00 00 00 4c 89 ff e8 b1 78 a3 ff 49 89 c5 e9 37
0x00007fdbee5bf674:   ff ff ff 66 0f 1f 84 00 00 00 00 00 48 8b 7a 08
0x00007fdbee5bf684:   e9 6d ff ff ff 0f 1f 80 00 00 00 00 e8 5b 48 0a
0x00007fdbee5bf694:   00 84 c0 75 89 e9 6a ff ff ff 66 90 55 48 89 e5
0x00007fdbee5bf6a4:   41 56 41 55 41 54 49 89 fc 53 48 89 f3 66 48 8d
0x00007fdbee5bf6b4:   3d 27 5e 85 00 66 66 48 e8 df 43 8d ff 4c 8b 28
0x00007fdbee5bf6c4:   8b 05 be 72 8a 00 85 c0 75 14 ba 01 00 00 00 48
0x00007fdbee5bf6d4:   8d 0d ae 72 8a 00 f0 0f b1 11 85 c0 74 4e be c8
0x00007fdbee5bf6e4:   00 00 00 4c 89 ef e8 01 0b 41 00 48 8d 05 12 ac
0x00007fdbee5bf6f4:   85 00 49 89 d8 48 8d 0d e8 aa 53 00 ba 49 06 00
0x00007fdbee5bf704:   00 48 8d 35 3c 35 58 00 bf 00 00 00 e0 48 8b 00
0x00007fdbee5bf714:   c6 00 58 31 c0 e8 e2 91 c6 ff 5b 41 5c 41 5d 41
0x00007fdbee5bf724:   5e 5d e9 55 34 26 00 0f 1f 44 00 00 48 8d 05 81
0x00007fdbee5bf734:   a3 8b 00 48 89 df 4c 8b 30 e8 9e 43 8d ff 48 89
0x00007fdbee5bf744:   de 48 89 c2 49 8b 06 4c 89 f7 ff 50 08 4c 89 f7
0x00007fdbee5bf754:   e8 a7 5c 27 00 4d 85 e4 74 12 be 01 00 00 00 4c
0x00007fdbee5bf764:   89 e7 e8 35 43 fc ff eb 82 0f 1f 00 be 01 00 00
0x00007fdbee5bf774:   00 4c 89 ef e8 d3 fd ff ff e9 6d ff ff ff 66 66
0x00007fdbee5bf784:   2e 0f 1f 84 00 00 00 00 00 0f 1f 00 55 48 89 e5
0x00007fdbee5bf794:   41 57 41 56 41 55 41 54 53 48 81 ec 08 02 00 00
0x00007fdbee5bf7a4:   64 48 8b 04 25 28 00 00 00 48 89 45 c8 8b 07 83
0x00007fdbee5bf7b4:   f8 02 0f 84 11 04 00 00 4c 8b 6f 18 49 89 ff 49
0x00007fdbee5bf7c4:   89 f4 4d 85 ed 74 14 4c 89 ef e8 5d 57 22 00 41
0x00007fdbee5bf7d4:   8b 07 83 f8 02 0f 84 19 04 00 00 48 8d 1d 9a 06
0x00007fdbee5bf7e4:   8a 00 4c 8d 35 0b 3c 58 00 eb 38 90 48 85 d2 7f
0x00007fdbee5bf7f4:   0d 48 8d 05 b4 c0 85 00 48 83 38 00 7e 0e 41 8b
0x00007fdbee5bf804:   77 2c 4c 89 f7 31 c0 e8 a0 b2 f7 ff 49 8b 7f 18 


Stack slot to memory mapping:
stack at sp + 0 slots: 0x00007fdbcdf16940 is pointing into the stack for thread: 0x00007fdbe80b2200
stack at sp + 1 slots: 0x00007fdbe80b2200 is a thread
stack at sp + 2 slots: 0x00007fdbec3d88c8 points into unknown readable memory: 0x65730018e552ffff | ff ff 52 e5 18 00 73 65
stack at sp + 3 slots: 0x0000000800c409d8 is a pointer to class: 
jdk.vm.ci.services.Services {0x0000000800c409d8}
 - instance size:     2
 - klass size:        65
 - access:            public final synchronized 
 - state:             fully_initialized
 - name:              'jdk/vm/ci/services/Services'
 - super:             'java/lang/Object'
 - sub:               
 - arrays:            NULL
 - methods:           Array<T>(0x00007fdbce83d4e8)
 - method ordering:   Array<T>(0x0000000800928960)
 - default_methods:   Array<T>(0x0000000000000000)
 - local interfaces:  Array<T>(0x00000008005ce810)
 - trans. interfaces: Array<T>(0x00000008005ce810)
 - constants:         constant pool [427] {0x00007fdbce83c5c8} for 'jdk/vm/ci/services/Services' cache=0x00007fdbce83e7b8
 - class loader data:  loader data: 0x00007fdbe8028410 of 'bootstrap'
 - source file:       'Services.java'
 - class annotations:       Array<T>(0x0000000000000000)
 - class type annotations:  Array<T>(0x0000000000000000)
 - field annotations:       Array<T>(0x0000000000000000)
 - field type annotations:  Array<T>(0x0000000000000000)
 - inner classes:     Array<T>(0x00007fdbce83e788)
 - nest members:     Array<T>(0x00007fdbce83e7a8)
 - permitted subclasses:     Array<T>(0x00000008005ce7a0)
 - java mirror:       a 'java/lang/Class'{0x00000000e017c668} = 'jdk/vm/ci/services/Services'
 - vtable length      5  (start addr: 0x0000000800c40ba8)
 - itable length      2 (start addr: 0x0000000800c40bd0)
 - ---- static fields (3 words):
 - public static final 'IS_BUILDING_NATIVE_IMAGE' 'Z' @128 
 - public static final 'IS_IN_NATIVE_IMAGE' 'Z' @129 
 - private static volatile 'savedProperties' 'Ljava/util/Map;' @112 
 - static final 'JVMCI_ENABLED' 'Z' @130 
 - private static final 'servicesCache' 'Ljava/util/Map;' @116 
 - private static final 'MAX_UNICODE_IN_UTF8_LENGTH' 'I' @120 
 - private static final 'MAX_UTF8_PROPERTY_STRING_LENGTH' 'I' @124 
 - ---- non-static fields (0 words):
 - non-static oop maps: 
stack at sp + 4 slots: 0x00007fdbcdf16500 is pointing into the stack for thread: 0x00007fdbe80b2200
stack at sp + 5 slots: 0x00007fdbee58b2fe: <offset 0x000000000093e2fe> in /nix/store/gpxl5qgg8kicmcvivwmybwjlpf7wh20l-graalvm17-ce-22.3.0/lib/server/libjvm.so at 0x00007fdbedc4d000
stack at sp + 6 slots: 0x00007fdbcdf163e0 is pointing into the stack for thread: 0x00007fdbe80b2200
stack at sp + 7 slots: 0x00007fdbcdf16440 is pointing into the stack for thread: 0x00007fdbe80b2200


---------------  P R O C E S S  ---------------

Threads class SMR info:
_java_thread_list=0x00007fdb70043040, length=34, elements={
0x00007fdbe80266b0, 0x00007fdbe80a64f0, 0x00007fdbe80a7930, 0x00007fdbe80ae070,
0x00007fdbe80af420, 0x00007fdbe80b0810, 0x00007fdbe80b2200, 0x00007fdbe80b3710,
0x00007fdbe80b4b60, 0x00007fdbe80d77e0, 0x00007fdbe811f480, 0x00007fdbe831a9b0,
0x00007fdbe834d960, 0x00007fdbe8350280, 0x00007fdbe8354f50, 0x00007fdb7c01a6e0,
0x00007fdb7c2a11c0, 0x00007fdb7c485db0, 0x00007fdb7c6de7a0, 0x00007fdbe8481150,
0x00007fdb70007280, 0x00007fdbe84bc140, 0x00007fdb60001130, 0x00007fdb54175230,
0x00007fdb3c095eb0, 0x00007fdb54176d20, 0x00007fdb540d7a90, 0x00007fdb540d10f0,
0x00007fdb540d2180, 0x00007fdb540d6560, 0x00007fdb54179710, 0x00007fdb54178cd0,
0x00007fdb5417d6e0, 0x00007fdb34003800
}

Java Threads: ( => current thread )
  0x00007fdbe80266b0 JavaThread "main" [_thread_blocked, id=32, stack(0x00007fdbeda68000,0x00007fdbedb68000)]
  0x00007fdbe80a64f0 JavaThread "Reference Handler" daemon [_thread_blocked, id=35, stack(0x00007fdbce5fe000,0x00007fdbce6fe000)]
  0x00007fdbe80a7930 JavaThread "Finalizer" daemon [_thread_blocked, id=36, stack(0x00007fdbce4fe000,0x00007fdbce5fe000)]
  0x00007fdbe80ae070 JavaThread "Signal Dispatcher" daemon [_thread_blocked, id=37, stack(0x00007fdbce118000,0x00007fdbce218000)]
  0x00007fdbe80af420 JavaThread "Service Thread" daemon [_thread_blocked, id=38, stack(0x00007fdbce018000,0x00007fdbce118000)]
  0x00007fdbe80b0810 JavaThread "Monitor Deflation Thread" daemon [_thread_blocked, id=39, stack(0x00007fdbcdf18000,0x00007fdbce018000)]
=>0x00007fdbe80b2200 JavaThread "JVMCI-native CompilerThread0" daemon [_thread_in_vm, id=40, stack(0x00007fdbcdd18000,0x00007fdbcdf18000)]
  0x00007fdbe80b3710 JavaThread "C1 CompilerThread0" daemon [_thread_blocked, id=41, stack(0x00007fdbcdb18000,0x00007fdbcdd18000)]
  0x00007fdbe80b4b60 JavaThread "Sweeper thread" daemon [_thread_blocked, id=42, stack(0x00007fdbcda18000,0x00007fdbcdb18000)]
  0x00007fdbe80d77e0 JavaThread "Common-Cleaner" daemon [_thread_blocked, id=45, stack(0x00007fdbcd918000,0x00007fdbcda18000)]
  0x00007fdbe811f480 JavaThread "Notification Thread" daemon [_thread_blocked, id=46, stack(0x00007fdbcd818000,0x00007fdbcd918000)]
  0x00007fdbe831a9b0 JavaThread "Active Thread: Equinox Container: 332c1264-01b2-4319-ae49-b8bc9a9f4272" [_thread_blocked, id=54, stack(0x00007fdbcc400000,0x00007fdbcc500000)]
  0x00007fdbe834d960 JavaThread "Framework Event Dispatcher: Equinox Container: 332c1264-01b2-4319-ae49-b8bc9a9f4272" daemon [_thread_blocked, id=55, stack(0x00007fdbcc200000,0x00007fdbcc300000)]
  0x00007fdbe8350280 JavaThread "Start Level: Equinox Container: 332c1264-01b2-4319-ae49-b8bc9a9f4272" daemon [_thread_blocked, id=56, stack(0x00007fdbcc000000,0x00007fdbcc100000)]
  0x00007fdbe8354f50 JavaThread "Refresh Thread: Equinox Container: 332c1264-01b2-4319-ae49-b8bc9a9f4272" daemon [_thread_blocked, id=61, stack(0x00007fdb95b00000,0x00007fdb95c00000)]
  0x00007fdb7c01a6e0 JavaThread "SCR Component Actor" daemon [_thread_blocked, id=81, stack(0x00007fdb95900000,0x00007fdb95a00000)]
  0x00007fdb7c2a11c0 JavaThread "Worker-JM" [_thread_blocked, id=87, stack(0x00007fdb95500000,0x00007fdb95600000)]
  0x00007fdb7c485db0 JavaThread "Java indexing" daemon [_thread_blocked, id=94, stack(0x00007fdb94f00000,0x00007fdb95000000)]
  0x00007fdb7c6de7a0 JavaThread "Bundle File Closer" daemon [_thread_blocked, id=99, stack(0x00007fdb95700000,0x00007fdb95800000)]
  0x00007fdbe8481150 JavaThread "pool-3-thread-1" [_thread_blocked, id=105, stack(0x00007fdb94d00000,0x00007fdb94e00000)]
  0x00007fdb70007280 JavaThread "Worker-2: Java indexing... " [_thread_blocked, id=106, stack(0x00007fdb94b00000,0x00007fdb94c00000)]
  0x00007fdbe84bc140 JavaThread "pool-2-thread-1" [_thread_blocked, id=107, stack(0x00007fdb94900000,0x00007fdb94a00000)]
  0x00007fdb60001130 JavaThread "Worker-3: Publish Diagnostics" [_thread_blocked, id=112, stack(0x00007fdb94700000,0x00007fdb94800000)]
  0x00007fdb54175230 JavaThread "Thread-2" [_thread_blocked, id=139, stack(0x00007fdb94300000,0x00007fdb94400000)]
  0x00007fdb3c095eb0 JavaThread "Worker-6" [_thread_blocked, id=140, stack(0x00007fdb93f00000,0x00007fdb94000000)]
  0x00007fdb54176d20 JavaThread "Thread-10" [_thread_blocked, id=165, stack(0x00007fdb93700000,0x00007fdb93800000)]
  0x00007fdb540d7a90 JavaThread "Thread-19" [_thread_blocked, id=202, stack(0x00007fdb93d00000,0x00007fdb93e00000)]
  0x00007fdb540d10f0 JavaThread "Thread-20" [_thread_blocked, id=203, stack(0x00007fdb93a00000,0x00007fdb93b00000)]
  0x00007fdb540d2180 JavaThread "Thread-25" [_thread_blocked, id=208, stack(0x00007fdb93b00000,0x00007fdb93c00000)]
  0x00007fdb540d6560 JavaThread "Thread-26" [_thread_blocked, id=209, stack(0x00007fdb93c00000,0x00007fdb93d00000)]
  0x00007fdb54179710 JavaThread "Thread-27" [_thread_blocked, id=210, stack(0x00007fdb93e00000,0x00007fdb93f00000)]
  0x00007fdb54178cd0 JavaThread "Thread-28" [_thread_blocked, id=219, stack(0x00007fdb94000000,0x00007fdb94100000)]
  0x00007fdb5417d6e0 JavaThread "Thread-46" [_thread_blocked, id=269, stack(0x00007fdbcc300000,0x00007fdbcc400000)]
  0x00007fdb34003800 JavaThread "Worker-7" [_thread_blocked, id=914, stack(0x00007fdb94100000,0x00007fdb94200000)]

Other Threads:
  0x00007fdbe80a1c30 VMThread "VM Thread" [stack: 0x00007fdbce700000,0x00007fdbce800000] [id=34] _threads_hazard_ptr=0x00007fdb70043040
  0x00007fdbe8120e20 WatcherThread [stack: 0x00007fdbcd718000,0x00007fdbcd818000] [id=47]
  0x00007fdbe803df50 GCTaskThread "GC Thread#0" [stack: 0x00007fdbed62b000,0x00007fdbed72b000] [id=33]

Threads with active compile tasks:
JVMCI-native CompilerThread0   979075 9392       4       org.eclipse.jdt.internal.compiler.parser.Scanner::getNextToken (179 bytes)

VM state: synchronizing (normal execution)

VM Mutex/Monitor currently owned by a thread:  ([mutex/lock_event])
[0x00007fdbe8023860] Threads_lock - owner thread: 0x00007fdbe80a1c30
[0x00007fdbe8024010] Heap_lock - owner thread: 0x00007fdb70007280

OutOfMemory and StackOverflow Exception counts:
OutOfMemoryError java_heap_errors=3
LinkageErrors=55

Heap address: 0x00000000e0000000, size: 512 MB, Compressed Oops mode: 32-bit

CDS archive(s) mapped at: [0x0000000800000000-0x0000000800bc8000-0x0000000800bc8000), size 12353536, SharedBaseAddress: 0x0000000800000000, ArchiveRelocationMode: 0.
Compressed class space mapped at: 0x0000000800c00000-0x0000000840c00000, reserved size: 1073741824
Narrow klass base: 0x0000000800000000, Narrow klass shift: 0, Narrow klass range: 0x100000000

GC Precious Log:
 CPUs: 8 total, 1 available
 Memory: 1024M
 Large Page Support: Disabled
 NUMA Support: Disabled
 Compressed Oops: Enabled (32-bit)
 Alignments: Space 512K, Generation 512K, Heap 2M
 Heap Min Capacity: 100M
 Heap Initial Capacity: 100M
 Heap Max Capacity: 512M
 Pre-touch: Disabled
 Parallel Workers: 1

Heap:
 PSYoungGen      total 30208K, used 20479K [0x00000000f5580000, 0x00000000f7d80000, 0x0000000100000000)
  eden space 20480K, 99% used [0x00000000f5580000,0x00000000f697fff8,0x00000000f6980000)
  from space 9728K, 0% used [0x00000000f6980000,0x00000000f6980000,0x00000000f7300000)
  to   space 9216K, 0% used [0x00000000f7480000,0x00000000f7480000,0x00000000f7d80000)
 ParOldGen       total 349696K, used 349693K [0x00000000e0000000, 0x00000000f5580000, 0x00000000f5580000)
  object space 349696K, 99% used [0x00000000e0000000,0x00000000f557f6b0,0x00000000f5580000)
 Metaspace       used 59789K, committed 60608K, reserved 1105920K
  class space    used 5863K, committed 6208K, reserved 1048576K

Card table byte_map: [0x00007fdbed72b000,0x00007fdbed82c000] _byte_map_base: 0x00007fdbed02b000

Marking Bits: (ParMarkBitMap*) 0x00007fdbeee7b4c0
 Begin Bits: [0x00007fdbec57e000, 0x00007fdbecd7e000)
 End Bits:   [0x00007fdbecd7e000, 0x00007fdbed57e000)

Polling page: 0x00007fdbeda45000

Metaspace:

Usage:
  Non-class:     52.66 MB used.
      Class:      5.73 MB used.
       Both:     58.39 MB used.

Virtual space:
  Non-class space:       56.00 MB reserved,      53.12 MB ( 95%) committed,  7 nodes.
      Class space:        1.00 GB reserved,       6.06 MB ( <1%) committed,  1 nodes.
             Both:        1.05 GB reserved,      59.19 MB (  5%) committed. 

Chunk freelists:
   Non-Class:  2.83 MB
       Class:  1.91 MB
        Both:  4.73 MB

MaxMetaspaceSize: unlimited
CompressedClassSpaceSize: 1.00 GB
Initial GC threshold: 21.00 MB
Current GC threshold: 98.69 MB
CDS: on
MetaspaceReclaimPolicy: balanced
 - commit_granule_bytes: 65536.
 - commit_granule_words: 8192.
 - virtual_space_node_default_size: 1048576.
 - enlarge_chunks_in_place: 1.
 - new_chunks_are_fully_committed: 0.
 - uncommit_free_chunks: 1.
 - use_allocation_guard: 0.
 - handle_deallocations: 1.


Internal statistics:

num_allocs_failed_limit: 8.
num_arena_births: 386.
num_arena_deaths: 76.
num_vsnodes_births: 8.
num_vsnodes_deaths: 0.
num_space_committed: 945.
num_space_uncommitted: 0.
num_chunks_returned_to_freelist: 106.
num_chunks_taken_from_freelist: 2711.
num_chunk_merges: 39.
num_chunk_splits: 1760.
num_chunks_enlarged: 1109.
num_purges: 16.
num_inconsistent_stats: 0.

CodeHeap 'non-profiled nmethods': size=120036Kb used=2458Kb max_used=2458Kb free=117578Kb
 bounds [0x00007fdbd6f7a000, 0x00007fdbd71ea000, 0x00007fdbde4b3000]
CodeHeap 'profiled nmethods': size=120032Kb used=15526Kb max_used=15526Kb free=104505Kb
 bounds [0x00007fdbcfa42000, 0x00007fdbd0972000, 0x00007fdbd6f7a000]
CodeHeap 'non-nmethods': size=5692Kb used=1386Kb max_used=1403Kb free=4305Kb
 bounds [0x00007fdbcf4b3000, 0x00007fdbcf723000, 0x00007fdbcfa42000]
 total_blobs=7412 nmethods=6695 adapters=622
 compilation: enabled
              stopped_count=0, restarted_count=0
 full_count=0

JVMCI Events (20 events):
Event: 905.473 Thread 0x00007fdbe80b2200 destroyed JavaVM[2]@0x00007fdb9319e340 for JVMCI runtime 0
Event: 905.473 Thread 0x00007fdbe80b2200 compacted oop handles in JVMCI runtime 0 from 53 to 53
Event: 905.473 Thread 0x00007fdbe80b2200 releasing handles for JVMCI runtime 0: oop handles=53, metadata handles={total=98, live=98, blocks=44}
Event: 905.473 Thread 0x00007fdbe80b2200 detached from JVMCI runtime 0
Event: 910.172 Thread 0x00007fdbe80b2200 attached to JVMCI runtime 0
Event: 910.173 Thread 0x00007fdbe80b2200 created JavaVM[3]@0x00007fdb9319e340 for JVMCI runtime 0
Event: 911.481 Thread 0x00007fdbe80b2200 initializing JVMCI runtime 0
Event: 911.481 Thread 0x00007fdbe80b2200 done waiting for JavaVM references initialization in JVMCI runtime 0
Event: 930.138 Thread 0x00007fdbe80b2200 initialized JVMCI runtime 0
Event: 937.927 Thread 0x00007fdbe80b2200 detaching from JVMCI runtime 0: releasing idle compiler thread (0 other threads still attached)
Event: 937.927 Thread 0x00007fdbe80b2200 shutting down HotSpotJVMCIRuntime for JVMCI runtime 0
Event: 937.927 Thread 0x00007fdbe80b2200 shut down JVMCI runtime 0
Event: 939.195 Thread 0x00007fdbe80b2200 destroyed JavaVM[3]@0x00007fdb9319e340 for JVMCI runtime 0
Event: 939.195 Thread 0x00007fdbe80b2200 compacted oop handles in JVMCI runtime 0 from 53 to 53
Event: 939.195 Thread 0x00007fdbe80b2200 releasing handles for JVMCI runtime 0: oop handles=53, metadata handles={total=96, live=93, blocks=44}
Event: 939.195 Thread 0x00007fdbe80b2200 detached from JVMCI runtime 0
Event: 951.928 Thread 0x00007fdbe80b2200 attached to JVMCI runtime 0
Event: 951.929 Thread 0x00007fdbe80b2200 created JavaVM[4]@0x00007fdb9319e340 for JVMCI runtime 0
Event: 951.929 Thread 0x00007fdbe80b2200 initializing JVMCI runtime 0
Event: 951.929 Thread 0x00007fdbe80b2200 done waiting for JavaVM references initialization in JVMCI runtime 0

Compilation events (20 events):
Event: 826.972 Thread 0x00007fdbe80b2200 nmethod 8328 0x00007fdbd71de410 code [0x00007fdbd71de580, 0x00007fdbd71de5d8]
Event: 839.842 Thread 0x00007fdbe80b2200 9383       4       org.eclipse.core.runtime.Path::toOSString (227 bytes)
Event: 873.735 Thread 0x00007fdbe80b3710 9384       3       java.util.concurrent.ThreadPoolExecutor::isShutdown (12 bytes)
Event: 873.735 Thread 0x00007fdbe80b3710 nmethod 9384 0x00007fdbd0969c90 code [0x00007fdbd0969e40, 0x00007fdbd096a030]
Event: 896.356 Thread 0x00007fdbe80b3710 9385       3       java.util.concurrent.ScheduledThreadPoolExecutor::canRunInCurrentRunState (61 bytes)
Event: 896.356 Thread 0x00007fdbe80b3710 nmethod 9385 0x00007fdbd096a110 code [0x00007fdbd096a320, 0x00007fdbd096adc0]
Event: 896.356 Thread 0x00007fdbe80b3710 9386       1       org.eclipse.osgi.internal.framework.EquinoxContainer::getStorage (5 bytes)
Event: 896.357 Thread 0x00007fdbe80b3710 nmethod 9386 0x00007fdbd71de710 code [0x00007fdbd71de8a0, 0x00007fdbd71de970]
Event: 902.840 Thread 0x00007fdbe80b2200 nmethod 9383 0x00007fdbd71dea10 code [0x00007fdbd71debe0, 0x00007fdbd71df670]
Event: 902.840 Thread 0x00007fdbe80b2200 9387  s    4       org.eclipse.jdt.internal.core.search.processing.JobManager::awaitingJobsCount (21 bytes)
Event: 902.848 Thread 0x00007fdbe80b2200 nmethod 9387 0x00007fdbd71dfc90 code [0x00007fdbd71dfe20, 0x00007fdbd71e0058]
Event: 910.172 Thread 0x00007fdbe80b2200 9388       4       java.util.AbstractCollection::isEmpty (13 bytes)
Event: 936.677 Thread 0x00007fdbe80b2200 nmethod 9388 0x00007fdbd71e0190 code [0x00007fdbd71e0340, 0x00007fdbd71e0430]
Event: 941.934 Thread 0x00007fdbe80b3710 9389       1       org.eclipse.jdt.internal.compiler.ast.AbstractMethodDeclaration::isClinit (2 bytes)
Event: 941.934 Thread 0x00007fdbe80b3710 nmethod 9389 0x00007fdbd71e0510 code [0x00007fdbd71e06a0, 0x00007fdbd71e0770]
Event: 941.934 Thread 0x00007fdbe80b3710 9390       3       org.eclipse.jdt.internal.compiler.parser.Parser::goForBlockStatementsopt (15 bytes)
Event: 941.935 Thread 0x00007fdbe80b3710 nmethod 9390 0x00007fdbd096b010 code [0x00007fdbd096b1a0, 0x00007fdbd096b2b0]
Event: 944.589 Thread 0x00007fdbe80b3710 9391       3       org.eclipse.jdt.internal.compiler.ast.Block::<init> (10 bytes)
Event: 945.767 Thread 0x00007fdbe80b3710 nmethod 9391 0x00007fdbd096b390 code [0x00007fdbd096b540, 0x00007fdbd096b770]
Event: 951.928 Thread 0x00007fdbe80b2200 9392       4       org.eclipse.jdt.internal.compiler.parser.Scanner::getNextToken (179 bytes)

GC Heap History (20 events):
Event: 966.869 GC heap before
{Heap before GC invocations=702 (full 606):
 PSYoungGen      total 30208K, used 20480K [0x00000000f5580000, 0x00000000f7d80000, 0x0000000100000000)
  eden space 20480K, 100% used [0x00000000f5580000,0x00000000f6980000,0x00000000f6980000)
  from space 9728K, 0% used [0x00000000f6980000,0x00000000f6980000,0x00000000f7300000)
  to   space 9216K, 0% used [0x00000000f7480000,0x00000000f7480000,0x00000000f7d80000)
 ParOldGen       total 349696K, used 349696K [0x00000000e0000000, 0x00000000f5580000, 0x00000000f5580000)
  object space 349696K, 100% used [0x00000000e0000000,0x00000000f5580000,0x00000000f5580000)
 Metaspace       used 59787K, committed 60608K, reserved 1105920K
  class space    used 5863K, committed 6208K, reserved 1048576K
}
Event: 968.151 GC heap after
{Heap after GC invocations=702 (full 606):
 PSYoungGen      total 29696K, used 20479K [0x00000000f5580000, 0x00000000f7d80000, 0x0000000100000000)
  eden space 20480K, 99% used [0x00000000f5580000,0x00000000f697ffd8,0x00000000f6980000)
  from space 9216K, 0% used [0x00000000f7480000,0x00000000f7480000,0x00000000f7d80000)
  to   space 9728K, 0% used [0x00000000f6980000,0x00000000f6980000,0x00000000f7300000)
 ParOldGen       total 349696K, used 349691K [0x00000000e0000000, 0x00000000f5580000, 0x00000000f5580000)
  object space 349696K, 99% used [0x00000000e0000000,0x00000000f557eff8,0x00000000f5580000)
 Metaspace       used 59787K, committed 60608K, reserved 1105920K
  class space    used 5863K, committed 6208K, reserved 1048576K
}
Event: 968.152 GC heap before
{Heap before GC invocations=703 (full 607):
 PSYoungGen      total 29696K, used 20479K [0x00000000f5580000, 0x00000000f7d80000, 0x0000000100000000)
  eden space 20480K, 99% used [0x00000000f5580000,0x00000000f697fff0,0x00000000f6980000)
  from space 9216K, 0% used [0x00000000f7480000,0x00000000f7480000,0x00000000f7d80000)
  to   space 9728K, 0% used [0x00000000f6980000,0x00000000f6980000,0x00000000f7300000)
 ParOldGen       total 349696K, used 349691K [0x00000000e0000000, 0x00000000f5580000, 0x00000000f5580000)
  object space 349696K, 99% used [0x00000000e0000000,0x00000000f557eff8,0x00000000f5580000)
 Metaspace       used 59787K, committed 60608K, reserved 1105920K
  class space    used 5863K, committed 6208K, reserved 1048576K
}
Event: 969.339 GC heap after
{Heap after GC invocations=703 (full 607):
 PSYoungGen      total 30208K, used 20479K [0x00000000f5580000, 0x00000000f7d80000, 0x0000000100000000)
  eden space 20480K, 99% used [0x00000000f5580000,0x00000000f697fff0,0x00000000f6980000)
  from space 9728K, 0% used [0x00000000f6980000,0x00000000f6980000,0x00000000f7300000)
  to   space 9216K, 0% used [0x00000000f7480000,0x00000000f7480000,0x00000000f7d80000)
 ParOldGen       total 349696K, used 349691K [0x00000000e0000000, 0x00000000f5580000, 0x00000000f5580000)
  object space 349696K, 99% used [0x00000000e0000000,0x00000000f557eff8,0x00000000f5580000)
 Metaspace       used 59787K, committed 60608K, reserved 1105920K
  class space    used 5863K, committed 6208K, reserved 1048576K
}
Event: 969.346 GC heap before
{Heap before GC invocations=704 (full 608):
 PSYoungGen      total 30208K, used 20480K [0x00000000f5580000, 0x00000000f7d80000, 0x0000000100000000)
  eden space 20480K, 100% used [0x00000000f5580000,0x00000000f6980000,0x00000000f6980000)
  from space 9728K, 0% used [0x00000000f6980000,0x00000000f6980000,0x00000000f7300000)
  to   space 9216K, 0% used [0x00000000f7480000,0x00000000f7480000,0x00000000f7d80000)
 ParOldGen       total 349696K, used 349694K [0x00000000e0000000, 0x00000000f5580000, 0x00000000f5580000)
  object space 349696K, 99% used [0x00000000e0000000,0x00000000f557f978,0x00000000f5580000)
 Metaspace       used 59789K, committed 60608K, reserved 1105920K
  class space    used 5863K, committed 6208K, reserved 1048576K
}
Event: 970.574 GC heap after
{Heap after GC invocations=704 (full 608):
 PSYoungGen      total 29696K, used 20479K [0x00000000f5580000, 0x00000000f7d80000, 0x0000000100000000)
  eden space 20480K, 99% used [0x00000000f5580000,0x00000000f697ff90,0x00000000f6980000)
  from space 9216K, 0% used [0x00000000f7480000,0x00000000f7480000,0x00000000f7d80000)
  to   space 9728K, 0% used [0x00000000f6980000,0x00000000f6980000,0x00000000f7300000)
 ParOldGen       total 349696K, used 349693K [0x00000000e0000000, 0x00000000f5580000, 0x00000000f5580000)
  object space 349696K, 99% used [0x00000000e0000000,0x00000000f557f658,0x00000000f5580000)
 Metaspace       used 59789K, committed 60608K, reserved 1105920K
  class space    used 5863K, committed 6208K, reserved 1048576K
}
Event: 970.575 GC heap before
{Heap before GC invocations=705 (full 609):
 PSYoungGen      total 29696K, used 20480K [0x00000000f5580000, 0x00000000f7d80000, 0x0000000100000000)
  eden space 20480K, 100% used [0x00000000f5580000,0x00000000f6980000,0x00000000f6980000)
  from space 9216K, 0% used [0x00000000f7480000,0x00000000f7480000,0x00000000f7d80000)
  to   space 9728K, 0% used [0x00000000f6980000,0x00000000f6980000,0x00000000f7300000)
 ParOldGen       total 349696K, used 349693K [0x00000000e0000000, 0x00000000f5580000, 0x00000000f5580000)
  object space 349696K, 99% used [0x00000000e0000000,0x00000000f557f658,0x00000000f5580000)
 Metaspace       used 59789K, committed 60608K, reserved 1105920K
  class space    used 5863K, committed 6208K, reserved 1048576K
}
Event: 971.783 GC heap after
{Heap after GC invocations=705 (full 609):
 PSYoungGen      total 30208K, used 20479K [0x00000000f5580000, 0x00000000f7d80000, 0x0000000100000000)
  eden space 20480K, 99% used [0x00000000f5580000,0x00000000f697ffd8,0x00000000f6980000)
  from space 9728K, 0% used [0x00000000f6980000,0x00000000f6980000,0x00000000f7300000)
  to   space 9216K, 0% used [0x00000000f7480000,0x00000000f7480000,0x00000000f7d80000)
 ParOldGen       total 349696K, used 349693K [0x00000000e0000000, 0x00000000f5580000, 0x00000000f5580000)
  object space 349696K, 99% used [0x00000000e0000000,0x00000000f557f658,0x00000000f5580000)
 Metaspace       used 59789K, committed 60608K, reserved 1105920K
  class space    used 5863K, committed 6208K, reserved 1048576K
}
Event: 971.784 GC heap before
{Heap before GC invocations=706 (full 610):
 PSYoungGen      total 30208K, used 20479K [0x00000000f5580000, 0x00000000f7d80000, 0x0000000100000000)
  eden space 20480K, 99% used [0x00000000f5580000,0x00000000f697ffe8,0x00000000f6980000)
  from space 9728K, 0% used [0x00000000f6980000,0x00000000f6980000,0x00000000f7300000)
  to   space 9216K, 0% used [0x00000000f7480000,0x00000000f7480000,0x00000000f7d80000)
 ParOldGen       total 349696K, used 349693K [0x00000000e0000000, 0x00000000f5580000, 0x00000000f5580000)
  object space 349696K, 99% used [0x00000000e0000000,0x00000000f557f658,0x00000000f5580000)
 Metaspace       used 59789K, committed 60608K, reserved 1105920K
  class space    used 5863K, committed 6208K, reserved 1048576K
}
Event: 972.940 GC heap after
{Heap after GC invocations=706 (full 610):
 PSYoungGen      total 29696K, used 20479K [0x00000000f5580000, 0x00000000f7d80000, 0x0000000100000000)
  eden space 20480K, 99% used [0x00000000f5580000,0x00000000f697ffd8,0x00000000f6980000)
  from space 9216K, 0% used [0x00000000f7480000,0x00000000f7480000,0x00000000f7d80000)
  to   space 9728K, 0% used [0x00000000f6980000,0x00000000f6980000,0x00000000f7300000)
 ParOldGen       total 349696K, used 349693K [0x00000000e0000000, 0x00000000f5580000, 0x00000000f5580000)
  object space 349696K, 99% used [0x00000000e0000000,0x00000000f557f658,0x00000000f5580000)
 Metaspace       used 59789K, committed 60608K, reserved 1105920K
  class space    used 5863K, committed 6208K, reserved 1048576K
}
Event: 972.943 GC heap before
{Heap before GC invocations=707 (full 611):
 PSYoungGen      total 29696K, used 20479K [0x00000000f5580000, 0x00000000f7d80000, 0x0000000100000000)
  eden space 20480K, 99% used [0x00000000f5580000,0x00000000f697fff8,0x00000000f6980000)
  from space 9216K, 0% used [0x00000000f7480000,0x00000000f7480000,0x00000000f7d80000)
  to   space 9728K, 0% used [0x00000000f6980000,0x00000000f6980000,0x00000000f7300000)
 ParOldGen       total 349696K, used 349693K [0x00000000e0000000, 0x00000000f5580000, 0x00000000f5580000)
  object space 349696K, 99% used [0x00000000e0000000,0x00000000f557f658,0x00000000f5580000)
 Metaspace       used 59789K, committed 60608K, reserved 1105920K
  class space    used 5863K, committed 6208K, reserved 1048576K
}
Event: 974.173 GC heap after
{Heap after GC invocations=707 (full 611):
 PSYoungGen      total 30208K, used 20479K [0x00000000f5580000, 0x00000000f7d80000, 0x0000000100000000)
  eden space 20480K, 99% used [0x00000000f5580000,0x00000000f697fff8,0x00000000f6980000)
  from space 9728K, 0% used [0x00000000f6980000,0x00000000f6980000,0x00000000f7300000)
  to   space 9216K, 0% used [0x00000000f7480000,0x00000000f7480000,0x00000000f7d80000)
 ParOldGen       total 349696K, used 349693K [0x00000000e0000000, 0x00000000f5580000, 0x00000000f5580000)
  object space 349696K, 99% used [0x00000000e0000000,0x00000000f557f658,0x00000000f5580000)
 Metaspace       used 59789K, committed 60608K, reserved 1105920K
  class space    used 5863K, committed 6208K, reserved 1048576K
}
Event: 974.174 GC heap before
{Heap before GC invocations=708 (full 612):
 PSYoungGen      total 30208K, used 20479K [0x00000000f5580000, 0x00000000f7d80000, 0x0000000100000000)
  eden space 20480K, 99% used [0x00000000f5580000,0x00000000f697fff8,0x00000000f6980000)
  from space 9728K, 0% used [0x00000000f6980000,0x00000000f6980000,0x00000000f7300000)
  to   space 9216K, 0% used [0x00000000f7480000,0x00000000f7480000,0x00000000f7d80000)
 ParOldGen       total 349696K, used 349694K [0x00000000e0000000, 0x00000000f5580000, 0x00000000f5580000)
  object space 349696K, 99% used [0x00000000e0000000,0x00000000f557fa88,0x00000000f5580000)
 Metaspace       used 59789K, committed 60608K, reserved 1105920K
  class space    used 5863K, committed 6208K, reserved 1048576K
}
Event: 975.369 GC heap after
{Heap after GC invocations=708 (full 612):
 PSYoungGen      total 29696K, used 20479K [0x00000000f5580000, 0x00000000f7d80000, 0x0000000100000000)
  eden space 20480K, 99% used [0x00000000f5580000,0x00000000f697ffc8,0x00000000f6980000)
  from space 9216K, 0% used [0x00000000f7480000,0x00000000f7480000,0x00000000f7d80000)
  to   space 9728K, 0% used [0x00000000f6980000,0x00000000f6980000,0x00000000f7300000)
 ParOldGen       total 349696K, used 349694K [0x00000000e0000000, 0x00000000f5580000, 0x00000000f5580000)
  object space 349696K, 99% used [0x00000000e0000000,0x00000000f557f878,0x00000000f5580000)
 Metaspace       used 59789K, committed 60608K, reserved 1105920K
  class space    used 5863K, committed 6208K, reserved 1048576K
}
Event: 975.369 GC heap before
{Heap before GC invocations=709 (full 613):
 PSYoungGen      total 29696K, used 20479K [0x00000000f5580000, 0x00000000f7d80000, 0x0000000100000000)
  eden space 20480K, 99% used [0x00000000f5580000,0x00000000f697ffc8,0x00000000f6980000)
  from space 9216K, 0% used [0x00000000f7480000,0x00000000f7480000,0x00000000f7d80000)
  to   space 9728K, 0% used [0x00000000f6980000,0x00000000f6980000,0x00000000f7300000)
 ParOldGen       total 349696K, used 349694K [0x00000000e0000000, 0x00000000f5580000, 0x00000000f5580000)
  object space 349696K, 99% used [0x00000000e0000000,0x00000000f557f878,0x00000000f5580000)
 Metaspace       used 59789K, committed 60608K, reserved 1105920K
  class space    used 5863K, committed 6208K, reserved 1048576K
}
Event: 976.460 GC heap after
{Heap after GC invocations=709 (full 613):
 PSYoungGen      total 30208K, used 20479K [0x00000000f5580000, 0x00000000f7d80000, 0x0000000100000000)
  eden space 20480K, 99% used [0x00000000f5580000,0x00000000f697ffc8,0x00000000f6980000)
  from space 9728K, 0% used [0x00000000f6980000,0x00000000f6980000,0x00000000f7300000)
  to   space 9216K, 0% used [0x00000000f7480000,0x00000000f7480000,0x00000000f7d80000)
 ParOldGen       total 349696K, used 349694K [0x00000000e0000000, 0x00000000f5580000, 0x00000000f5580000)
  object space 349696K, 99% used [0x00000000e0000000,0x00000000f557f878,0x00000000f5580000)
 Metaspace       used 59789K, committed 60608K, reserved 1105920K
  class space    used 5863K, committed 6208K, reserved 1048576K
}
Event: 976.475 GC heap before
{Heap before GC invocations=710 (full 614):
 PSYoungGen      total 30208K, used 20479K [0x00000000f5580000, 0x00000000f7d80000, 0x0000000100000000)
  eden space 20480K, 99% used [0x00000000f5580000,0x00000000f697ffe8,0x00000000f6980000)
  from space 9728K, 0% used [0x00000000f6980000,0x00000000f6980000,0x00000000f7300000)
  to   space 9216K, 0% used [0x00000000f7480000,0x00000000f7480000,0x00000000f7d80000)
 ParOldGen       total 349696K, used 349694K [0x00000000e0000000, 0x00000000f5580000, 0x00000000f5580000)
  object space 349696K, 99% used [0x00000000e0000000,0x00000000f557f878,0x00000000f5580000)
 Metaspace       used 59789K, committed 60608K, reserved 1105920K
  class space    used 5863K, committed 6208K, reserved 1048576K
}
Event: 977.735 GC heap after
{Heap after GC invocations=710 (full 614):
 PSYoungGen      total 29696K, used 20479K [0x00000000f5580000, 0x00000000f7d80000, 0x0000000100000000)
  eden space 20480K, 99% used [0x00000000f5580000,0x00000000f697ffc8,0x00000000f6980000)
  from space 9216K, 0% used [0x00000000f7480000,0x00000000f7480000,0x00000000f7d80000)
  to   space 9728K, 0% used [0x00000000f6980000,0x00000000f6980000,0x00000000f7300000)
 ParOldGen       total 349696K, used 349693K [0x00000000e0000000, 0x00000000f5580000, 0x00000000f5580000)
  object space 349696K, 99% used [0x00000000e0000000,0x00000000f557f588,0x00000000f5580000)
 Metaspace       used 59789K, committed 60608K, reserved 1105920K
  class space    used 5863K, committed 6208K, reserved 1048576K
}
Event: 977.735 GC heap before
{Heap before GC invocations=711 (full 615):
 PSYoungGen      total 29696K, used 20479K [0x00000000f5580000, 0x00000000f7d80000, 0x0000000100000000)
  eden space 20480K, 99% used [0x00000000f5580000,0x00000000f697ffc8,0x00000000f6980000)
  from space 9216K, 0% used [0x00000000f7480000,0x00000000f7480000,0x00000000f7d80000)
  to   space 9728K, 0% used [0x00000000f6980000,0x00000000f6980000,0x00000000f7300000)
 ParOldGen       total 349696K, used 349693K [0x00000000e0000000, 0x00000000f5580000, 0x00000000f5580000)
  object space 349696K, 99% used [0x00000000e0000000,0x00000000f557f588,0x00000000f5580000)
 Metaspace       used 59789K, committed 60608K, reserved 1105920K
  class space    used 5863K, committed 6208K, reserved 1048576K
}
Event: 978.939 GC heap after
{Heap after GC invocations=711 (full 615):
 PSYoungGen      total 30208K, used 20479K [0x00000000f5580000, 0x00000000f7d80000, 0x0000000100000000)
  eden space 20480K, 99% used [0x00000000f5580000,0x00000000f697ffc8,0x00000000f6980000)
  from space 9728K, 0% used [0x00000000f6980000,0x00000000f6980000,0x00000000f7300000)
  to   space 9216K, 0% used [0x00000000f7480000,0x00000000f7480000,0x00000000f7d80000)
 ParOldGen       total 349696K, used 349693K [0x00000000e0000000, 0x00000000f5580000, 0x00000000f5580000)
  object space 349696K, 99% used [0x00000000e0000000,0x00000000f557f588,0x00000000f5580000)
 Metaspace       used 59789K, committed 60608K, reserved 1105920K
  class space    used 5863K, committed 6208K, reserved 1048576K
}

Dll operation events (9 events):
Event: 0.002 Loaded shared library /nix/store/gpxl5qgg8kicmcvivwmybwjlpf7wh20l-graalvm17-ce-22.3.0/lib/libjava.so
Event: 0.033 Loaded shared library /nix/store/gpxl5qgg8kicmcvivwmybwjlpf7wh20l-graalvm17-ce-22.3.0/lib/libjsvml.so
Event: 0.281 Loaded shared library /nix/store/gpxl5qgg8kicmcvivwmybwjlpf7wh20l-graalvm17-ce-22.3.0/lib/libjvmcicompiler.so
Event: 0.290 Loaded shared library /nix/store/gpxl5qgg8kicmcvivwmybwjlpf7wh20l-graalvm17-ce-22.3.0/lib/libnio.so
Event: 0.329 Loaded shared library /nix/store/gpxl5qgg8kicmcvivwmybwjlpf7wh20l-graalvm17-ce-22.3.0/lib/libzip.so
Event: 0.737 Loaded shared library /nix/store/gpxl5qgg8kicmcvivwmybwjlpf7wh20l-graalvm17-ce-22.3.0/lib/libjimage.so
Event: 1.241 Loaded shared library /nix/store/gpxl5qgg8kicmcvivwmybwjlpf7wh20l-graalvm17-ce-22.3.0/lib/libnet.so
Event: 5.128 Loaded shared library /home/runner/.cache/jdt-language-server/config/org.eclipse.equinox.launcher/org.eclipse.equinox.launcher.gtk.linux.x86_64_1.2.400.v20211117-0650/eclipse_11600.so
Event: 19.449 Loaded shared library /nix/store/gpxl5qgg8kicmcvivwmybwjlpf7wh20l-graalvm17-ce-22.3.0/lib/libextnet.so

Deoptimization events (20 events):
Event: 85.953 Thread 0x00007fdb5417b5d0 DEOPT PACKING pc=0x00007fdbcfa5091e sp=0x00007fdbcc3fd850
Event: 85.953 Thread 0x00007fdb5417b5d0 DEOPT UNPACKING pc=0x00007fdbcf505325 sp=0x00007fdbcc3fcd28 mode 0
Event: 87.438 Thread 0x00007fdb5801c590 DEOPT PACKING pc=0x00007fdbd058c4e4 sp=0x00007fdb941fcaf0
Event: 87.438 Thread 0x00007fdb5801c590 DEOPT UNPACKING pc=0x00007fdbcf505325 sp=0x00007fdb941fbfc0 mode 0
Event: 95.377 Thread 0x00007fdb700010d0 DEOPT PACKING pc=0x00007fdbd0867782 sp=0x00007fdb951fda20
Event: 95.377 Thread 0x00007fdb700010d0 DEOPT UNPACKING pc=0x00007fdbcf505325 sp=0x00007fdb951fcf28 mode 0
Event: 440.127 Thread 0x00007fdb700010d0 Uncommon trap: trap_request=0xffffffcd fr.pc=0x00007fdbd702c3df relative=0x000000000000049f
Event: 440.127 Thread 0x00007fdb700010d0 Uncommon trap: reason=intrinsic_or_type_checked_inlining action=reinterpret pc=0x00007fdbd702c3df method=java.io.DataOutputStream.writeInt(I)V @ 0 jvmci
Event: 440.127 Thread 0x00007fdb700010d0 DEOPT PACKING pc=0x00007fdbd702c3df sp=0x00007fdb951fe650
Event: 440.127 Thread 0x00007fdb700010d0 DEOPT UNPACKING pc=0x00007fdbcf505325 sp=0x00007fdb951fdb28 mode 3
Event: 441.663 Thread 0x00007fdb700010d0 DEOPT PACKING pc=0x00007fdbcfe3d672 sp=0x00007fdb951fe2c0
Event: 441.663 Thread 0x00007fdb700010d0 DEOPT UNPACKING pc=0x00007fdbcf505325 sp=0x00007fdb951fd780 mode 0
Event: 455.996 Thread 0x00007fdb700010d0 Uncommon trap: trap_request=0xffffffed fr.pc=0x00007fdbd7102ed3 relative=0x0000000000000973
Event: 455.996 Thread 0x00007fdb700010d0 Uncommon trap: reason=null_assert_or_unreached0 action=reinterpret pc=0x00007fdbd7102ed3 method=java.util.WeakHashMap.expungeStaleEntries()V @ 19 jvmci
Event: 455.996 Thread 0x00007fdb700010d0 DEOPT PACKING pc=0x00007fdbd7102ed3 sp=0x00007fdb951fd700
Event: 455.996 Thread 0x00007fdb700010d0 DEOPT UNPACKING pc=0x00007fdbcf505325 sp=0x00007fdb951fcb70 mode 3
Event: 976.460 Thread 0x00007fdbe80b2200 Uncommon trap: trap_request=0xffffff8f fr.pc=0x00007fdbd704b01b relative=0x000000000000017b
Event: 976.460 Thread 0x00007fdbe80b2200 Uncommon trap: reason=constraint action=none pc=0x00007fdbd704b01b method=java.io.ByteArrayOutputStream.<init>(I)V @ 0 jvmci
Event: 976.460 Thread 0x00007fdbe80b2200 DEOPT PACKING pc=0x00007fdbd704b01b sp=0x00007fdbcdf16020
Event: 976.460 Thread 0x00007fdbe80b2200 DEOPT UNPACKING pc=0x00007fdbcf505325 sp=0x00007fdbcdf154c8 mode 3

Classes unloaded (20 events):
Event: 172.228 Thread 0x00007fdbe80a1c30 Unloading class 0x0000000800ee8800 'jdk/internal/reflect/GeneratedConstructorAccessor10'
Event: 172.228 Thread 0x00007fdbe80a1c30 Unloading class 0x0000000800ee8400 'jdk/internal/reflect/GeneratedConstructorAccessor9'
Event: 172.228 Thread 0x00007fdbe80a1c30 Unloading class 0x0000000800ee8000 'jdk/internal/reflect/GeneratedConstructorAccessor8'
Event: 175.453 Thread 0x00007fdbe80a1c30 Unloading class 0x0000000801059400 'java/lang/invoke/LambdaForm$MH+0x0000000801059400'
Event: 175.453 Thread 0x00007fdbe80a1c30 Unloading class 0x0000000801059000 'java/lang/invoke/LambdaForm$MH+0x0000000801059000'
Event: 175.453 Thread 0x00007fdbe80a1c30 Unloading class 0x0000000801058c00 'java/lang/invoke/LambdaForm$MH+0x0000000801058c00'
Event: 175.453 Thread 0x00007fdbe80a1c30 Unloading class 0x0000000801058800 'java/lang/invoke/LambdaForm$MH+0x0000000801058800'
Event: 175.453 Thread 0x00007fdbe80a1c30 Unloading class 0x0000000801058400 'java/lang/invoke/LambdaForm$MH+0x0000000801058400'
Event: 175.453 Thread 0x00007fdbe80a1c30 Unloading class 0x0000000801058000 'java/lang/invoke/LambdaForm$MH+0x0000000801058000'
Event: 175.453 Thread 0x00007fdbe80a1c30 Unloading class 0x0000000800d98400 'java/lang/invoke/LambdaForm$MH+0x0000000800d98400'
Event: 175.453 Thread 0x00007fdbe80a1c30 Unloading class 0x0000000800d04000 'java/lang/invoke/LambdaForm$MH+0x0000000800d04000'
Event: 183.829 Thread 0x00007fdbe80a1c30 Unloading class 0x0000000801095400 'jdk/internal/reflect/GeneratedSerializationConstructorAccessor4'
Event: 183.829 Thread 0x00007fdbe80a1c30 Unloading class 0x0000000801095000 'jdk/internal/reflect/GeneratedSerializationConstructorAccessor3'
Event: 183.829 Thread 0x00007fdbe80a1c30 Unloading class 0x0000000801094c00 'jdk/internal/reflect/GeneratedSerializationConstructorAccessor2'
Event: 183.829 Thread 0x00007fdbe80a1c30 Unloading class 0x0000000801094800 'jdk/internal/reflect/GeneratedSerializationConstructorAccessor1'
Event: 228.655 Thread 0x00007fdbe80a1c30 Unloading class 0x00000008011b8000 'jdk/internal/reflect/GeneratedConstructorAccessor29'
Event: 590.050 Thread 0x00007fdbe80a1c30 Unloading class 0x0000000800ee9000 'jdk/internal/reflect/GeneratedSerializationConstructorAccessor7'
Event: 590.050 Thread 0x00007fdbe80a1c30 Unloading class 0x0000000800d04000 'jdk/internal/reflect/GeneratedSerializationConstructorAccessor6'
Event: 590.050 Thread 0x00007fdbe80a1c30 Unloading class 0x00000008011b8000 'jdk/internal/reflect/GeneratedSerializationConstructorAccessor5'
Event: 591.447 Thread 0x00007fdbe80a1c30 Unloading class 0x0000000800ee8800 'jdk/internal/reflect/GeneratedSerializationConstructorAccessor8'

Classes redefined (0 events):
No events

Internal exceptions (20 events):
Event: 36.543 Thread 0x00007fdb5801c590 Exception <a 'sun/nio/fs/UnixException'{0x00000000f565d810}> (0x00000000f565d810) 
thrown [src/hotspot/share/prims/jni.cpp, line 516]
Event: 36.638 Thread 0x00007fdb5801c590 Exception <a 'sun/nio/fs/UnixException'{0x00000000f5fddc30}> (0x00000000f5fddc30) 
thrown [src/hotspot/share/prims/jni.cpp, line 516]
Event: 37.941 Thread 0x00007fdb54175230 Exception <a 'java/lang/NoSuchMethodError'{0x00000000f58c3678}: 'int java.lang.invoke.DirectMethodHandle$Holder.invokeStatic(java.lang.Object, java.lang.Object, java.lang.Object, int)'> (0x00000000f58c3678) 
thrown [src/hotspot/share/interpreter/linkResolver.cpp, line 758]
Event: 38.929 Thread 0x00007fdb54175230 Implicit null exception at 0x00007fdbd70cf63f to 0x00007fdbd70cf783
Event: 41.171 Thread 0x00007fdb54175230 Exception <a 'java/lang/NoSuchMethodError'{0x00000000f5812898}: 'void java.lang.invoke.DirectMethodHandle$Holder.invokeSpecial(java.lang.Object, java.lang.Object, int)'> (0x00000000f5812898) 
thrown [src/hotspot/share/interpreter/linkResolver.cpp, line 758]
Event: 51.026 Thread 0x00007fdb540d6b90 Exception <a 'java/lang/NoSuchMethodError'{0x00000000f5a19db0}: 'java.lang.Object java.lang.invoke.DirectMethodHandle$Holder.invokeStatic(java.lang.Object, int, java.lang.Object, java.lang.Object, java.lang.Object, java.lang.Object)'> (0x00000000f5a19db0) 
thrown [src/hotspot/share/interpreter/linkResolver.cpp, line 758]
Event: 52.936 Thread 0x00007fdb540d6b90 Exception <a 'java/lang/NoSuchMethodError'{0x00000000f5f5d568}: 'int java.lang.invoke.DirectMethodHandle$Holder.invokeSpecialIFC(java.lang.Object, java.lang.Object, java.lang.Object, java.lang.Object)'> (0x00000000f5f5d568) 
thrown [src/hotspot/share/interpreter/linkResolver.cpp, line 758]
Event: 64.731 Thread 0x00007fdb540d6560 Implicit null exception at 0x00007fdbd715a644 to 0x00007fdbd715b143
Event: 81.125 Thread 0x00007fdb5417b5d0 Exception <a 'java/lang/ArrayIndexOutOfBoundsException'{0x00000000f69064a8}: Index 1525 out of bounds for length 1525> (0x00000000f69064a8) 
thrown [src/hotspot/share/interpreter/interpreterRuntime.cpp, line 428]
Event: 82.728 Thread 0x00007fdb5417b5d0 Exception <a 'java/lang/ArrayIndexOutOfBoundsException'{0x00000000f68817f0}: Index 1525 out of bounds for length 1525> (0x00000000f68817f0) 
thrown [src/hotspot/share/interpreter/interpreterRuntime.cpp, line 428]
Event: 82.732 Thread 0x00007fdb5417b5d0 Exception <a 'java/lang/ArrayIndexOutOfBoundsException'{0x00000000f689c580}: Index 1525 out of bounds for length 1525> (0x00000000f689c580) 
thrown [src/hotspot/share/interpreter/interpreterRuntime.cpp, line 428]
Event: 82.732 Thread 0x00007fdb5417b5d0 Exception <a 'java/lang/ArrayIndexOutOfBoundsException'{0x00000000f689c930}: Index 1526 out of bounds for length 1525> (0x00000000f689c930) 
thrown [src/hotspot/share/interpreter/interpreterRuntime.cpp, line 428]
Event: 450.642 Thread 0x00007fdb700010d0 Exception <a 'sun/nio/fs/UnixException'{0x00000000f6971218}> (0x00000000f6971218) 
thrown [src/hotspot/share/prims/jni.cpp, line 516]
Event: 450.643 Thread 0x00007fdb700010d0 Exception <a 'sun/nio/fs/UnixException'{0x00000000f6973160}> (0x00000000f6973160) 
thrown [src/hotspot/share/prims/jni.cpp, line 516]
Event: 452.407 Thread 0x00007fdb700010d0 Exception <a 'sun/nio/fs/UnixException'{0x00000000f6972fa8}> (0x00000000f6972fa8) 
thrown [src/hotspot/share/prims/jni.cpp, line 516]
Event: 454.175 Thread 0x00007fdb700010d0 Exception <a 'sun/nio/fs/UnixException'{0x00000000f6978b28}> (0x00000000f6978b28) 
thrown [src/hotspot/share/prims/jni.cpp, line 516]
Event: 966.869 Thread 0x00007fdb60001130 Exception <a 'java/lang/OutOfMemoryError'{0x00000000e000fac8}> (0x00000000e000fac8) 
thrown [src/hotspot/share/gc/shared/memAllocator.cpp, line 136]
Event: 976.460 Thread 0x00007fdbe80b2200 Exception <a 'java/lang/OutOfMemoryError'{0x00000000e0010068}> (0x00000000e0010068) 
thrown [src/hotspot/share/gc/shared/memAllocator.cpp, line 138]
Event: 976.460 Thread 0x00007fdbe80b2200 Implicit null exception at 0x00007fdbd704afd1 to 0x00007fdbd704b000
Event: 978.944 Thread 0x00007fdbe80b2200 Exception <a 'java/lang/OutOfMemoryError'{0x00000000e00100b8}> (0x00000000e00100b8) 
thrown [src/hotspot/share/gc/shared/memAllocator.cpp, line 136]

VM Operations (20 events):
Event: 963.131 Executing VM operation: ParallelGCFailedAllocation
Event: 964.394 Executing VM operation: ParallelGCFailedAllocation done
Event: 964.394 Executing VM operation: ParallelGCFailedAllocation
Event: 966.869 Executing VM operation: ParallelGCFailedAllocation done
Event: 966.869 Executing VM operation: ParallelGCFailedAllocation
Event: 968.151 Executing VM operation: ParallelGCFailedAllocation done
Event: 968.151 Executing VM operation: ParallelGCFailedAllocation
Event: 969.339 Executing VM operation: ParallelGCFailedAllocation done
Event: 969.340 Executing VM operation: ParallelGCFailedAllocation
Event: 970.575 Executing VM operation: ParallelGCFailedAllocation done
Event: 970.575 Executing VM operation: ParallelGCFailedAllocation
Event: 971.783 Executing VM operation: ParallelGCFailedAllocation done
Event: 971.784 Executing VM operation: ParallelGCFailedAllocation
Event: 972.941 Executing VM operation: ParallelGCFailedAllocation done
Event: 972.942 Executing VM operation: ParallelGCFailedAllocation
Event: 974.173 Executing VM operation: ParallelGCFailedAllocation done
Event: 974.173 Executing VM operation: ParallelGCFailedAllocation
Event: 976.460 Executing VM operation: ParallelGCFailedAllocation done
Event: 976.474 Executing VM operation: ParallelGCFailedAllocation
Event: 978.944 Executing VM operation: ParallelGCFailedAllocation done

Events (20 events):
Event: 80.936 Protecting memory [0x00007fdbcc300000,0x00007fdbcc304000] with protection modes 0
Event: 81.040 Thread 0x00007fdbe80b4b60 flushing nmethod 0x00007fdbd7167210
Event: 81.044 Thread 0x00007fdbe80b4b60 flushing nmethod 0x00007fdbcfe12b90
Event: 87.431 Thread 0x00007fdb5417b5d0 Thread exited: 0x00007fdb5417b5d0
Event: 89.036 Thread 0x00007fdb5417d6e0 Thread added: 0x00007fdb5417d6e0
Event: 89.036 Protecting memory [0x00007fdbcc300000,0x00007fdbcc304000] with protection modes 0
Event: 155.358 Thread 0x00007fdb58000ff0 Thread exited: 0x00007fdb58000ff0
Event: 155.358 Thread 0x00007fdb7c304cf0 Thread exited: 0x00007fdb7c304cf0
Event: 155.359 Thread 0x00007fdb5801c590 Thread exited: 0x00007fdb5801c590
Event: 435.549 Thread 0x00007fdb64296ef0 Thread added: 0x00007fdb64296ef0
Event: 435.549 Protecting memory [0x00007fdb94100000,0x00007fdb94104000] with protection modes 0
Event: 438.691 Thread 0x00007fdb64296ef0 Thread exited: 0x00007fdb64296ef0
Event: 445.207 Thread 0x00007fdb34003800 Thread added: 0x00007fdb34003800
Event: 445.208 Protecting memory [0x00007fdb94100000,0x00007fdb94104000] with protection modes 0
Event: 447.136 Thread 0x00007fdb3c006200 Thread added: 0x00007fdb3c006200
Event: 447.142 Protecting memory [0x00007fdb95300000,0x00007fdb95304000] with protection modes 0
Event: 534.550 Thread 0x00007fdb3c006200 Thread exited: 0x00007fdb3c006200
Event: 534.550 Thread 0x00007fdb700010d0 Thread exited: 0x00007fdb700010d0
Event: 969.340 loading class java/lang/Throwable$WrappedPrintWriter
Event: 969.340 loading class java/lang/Throwable$PrintStreamOrWriter


Dynamic libraries:
e0000000-f5580000 rw-p 00000000 00:00 0 
f5580000-f7d80000 rw-p 00000000 00:00 0 
f7d80000-100000000 ---p 00000000 00:00 0 
800000000-800449000 rw-p 00001000 00:17bb 9223372037562745673            /nix/store/gpxl5qgg8kicmcvivwmybwjlpf7wh20l-graalvm17-ce-22.3.0/lib/server/classes.jsa
800449000-800bc8000 r--p 0044a000 00:17bb 9223372037562745673            /nix/store/gpxl5qgg8kicmcvivwmybwjlpf7wh20l-graalvm17-ce-22.3.0/lib/server/classes.jsa
800bc8000-800c00000 ---p 00000000 00:00 0 
800c00000-800c20000 rw-p 00000000 00:00 0 
800c20000-800c40000 rw-p 00000000 00:00 0 
800c40000-800cc0000 rw-p 00000000 00:00 0 
800cc0000-800d00000 rw-p 00000000 00:00 0 
800d00000-800dc0000 rw-p 00000000 00:00 0 
800dc0000-800e00000 rw-p 00000000 00:00 0 
800e00000-800f40000 rw-p 00000000 00:00 0 
800f40000-800fc0000 rw-p 00000000 00:00 0 
800fc0000-800ff0000 rw-p 00000000 00:00 0 
800ff0000-801000000 ---p 00000000 00:00 0 
801000000-801220000 rw-p 00000000 00:00 0 
801220000-840c00000 ---p 00000000 00:00 0 
5645c6b91000-5645c6b92000 r-xp 00000000 00:17bb 9223372037526805748      /nix/store/gpxl5qgg8kicmcvivwmybwjlpf7wh20l-graalvm17-ce-22.3.0/bin/.java-wrapped
5645c6b93000-5645c6b94000 r--p 00001000 00:17bb 9223372037526805748      /nix/store/gpxl5qgg8kicmcvivwmybwjlpf7wh20l-graalvm17-ce-22.3.0/bin/.java-wrapped
5645c6b94000-5645c6b95000 rw-p 00002000 00:17bb 9223372037526805748      /nix/store/gpxl5qgg8kicmcvivwmybwjlpf7wh20l-graalvm17-ce-22.3.0/bin/.java-wrapped
5645c6b95000-5645c6b96000 rw-p 00004000 00:17bb 9223372037526805748      /nix/store/gpxl5qgg8kicmcvivwmybwjlpf7wh20l-graalvm17-ce-22.3.0/bin/.java-wrapped
5645c6b96000-5645c6b97000 rw-p 00005000 00:17bb 9223372037526805748      /nix/store/gpxl5qgg8kicmcvivwmybwjlpf7wh20l-graalvm17-ce-22.3.0/bin/.java-wrapped
5645c7fd5000-5645c801d000 rw-p 00000000 00:00 0                          [heap]
7fdb04000000-7fdb04021000 rw-p 00000000 00:00 0 
7fdb04021000-7fdb08000000 ---p 00000000 00:00 0 
7fdb0c000000-7fdb0c021000 rw-p 00000000 00:00 0 
7fdb0c021000-7fdb10000000 ---p 00000000 00:00 0 
7fdb10000000-7fdb10021000 rw-p 00000000 00:00 0 
7fdb10021000-7fdb14000000 ---p 00000000 00:00 0 
7fdb14000000-7fdb140cd000 rw-p 00000000 00:00 0 
7fdb140cd000-7fdb18000000 ---p 00000000 00:00 0 
7fdb18000000-7fdb1803b000 rw-p 00000000 00:00 0 
7fdb1803b000-7fdb1c000000 ---p 00000000 00:00 0 
7fdb1c000000-7fdb1c02e000 rw-p 00000000 00:00 0 
7fdb1c02e000-7fdb20000000 ---p 00000000 00:00 0 
7fdb20000000-7fdb20021000 rw-p 00000000 00:00 0 
7fdb20021000-7fdb24000000 ---p 00000000 00:00 0 
7fdb24000000-7fdb24028000 rw-p 00000000 00:00 0 
7fdb24028000-7fdb28000000 ---p 00000000 00:00 0 
7fdb28000000-7fdb2804b000 rw-p 00000000 00:00 0 
7fdb2804b000-7fdb2c000000 ---p 00000000 00:00 0 
7fdb2c000000-7fdb2c04e000 rw-p 00000000 00:00 0 
7fdb2c04e000-7fdb30000000 ---p 00000000 00:00 0 
7fdb34000000-7fdb34021000 rw-p 00000000 00:00 0 
7fdb34021000-7fdb38000000 ---p 00000000 00:00 0 
7fdb38000000-7fdb38091000 rw-p 00000000 00:00 0 
7fdb38091000-7fdb3c000000 ---p 00000000 00:00 0 
7fdb3c000000-7fdb3c0e0000 rw-p 00000000 00:00 0 
7fdb3c0e0000-7fdb40000000 ---p 00000000 00:00 0 
7fdb40000000-7fdb40530000 rw-p 00000000 00:00 0 
7fdb40530000-7fdb40800000 ---p 00000000 00:00 0 
7fdb41400000-7fdb41c00000 rw-p 00000000 00:00 0 
7fdb41cb3000-7fdb4b800000 r--s 00000000 00:17bb 9223372037562580485      /nix/store/gpxl5qgg8kicmcvivwmybwjlpf7wh20l-graalvm17-ce-22.3.0/lib/modules
7fdb4b800000-7fdb4bd00000 rw-p 00000000 00:00 0 
7fdb4bd00000-7fdb4bdf0000 rw-p 00000000 00:00 0 
7fdb4bdf0000-7fdb4be00000 ---p 00000000 00:00 0 
7fdb4be00000-7fdb4c000000 rw-p 00000000 00:00 0 
7fdb4c000000-7fdb4c0e3000 rw-p 00000000 00:00 0 
7fdb4c0e3000-7fdb50000000 ---p 00000000 00:00 0 
7fdb50000000-7fdb501ae000 rw-p 00000000 00:00 0 
7fdb501ae000-7fdb54000000 ---p 00000000 00:00 0 
7fdb54000000-7fdb54187000 rw-p 00000000 00:00 0 
7fdb54187000-7fdb58000000 ---p 00000000 00:00 0 
7fdb58000000-7fdb58037000 rw-p 00000000 00:00 0 
7fdb58037000-7fdb5c000000 ---p 00000000 00:00 0 
7fdb5c000000-7fdb5c021000 rw-p 00000000 00:00 0 
7fdb5c021000-7fdb60000000 ---p 00000000 00:00 0 
7fdb60000000-7fdb600f4000 rw-p 00000000 00:00 0 
7fdb600f4000-7fdb64000000 ---p 00000000 00:00 0 
7fdb64000000-7fdb642f8000 rw-p 00000000 00:00 0 
7fdb642f8000-7fdb68000000 ---p 00000000 00:00 0 
7fdb68000000-7fdb6807c000 rw-p 00000000 00:00 0 
7fdb6807c000-7fdb6c000000 ---p 00000000 00:00 0 
7fdb6c000000-7fdb6c021000 rw-p 00000000 00:00 0 
7fdb6c021000-7fdb70000000 ---p 00000000 00:00 0 
7fdb70000000-7fdb70057000 rw-p 00000000 00:00 0 
7fdb70057000-7fdb74000000 ---p 00000000 00:00 0 
7fdb74000000-7fdb74021000 rw-p 00000000 00:00 0 
7fdb74021000-7fdb78000000 ---p 00000000 00:00 0 
7fdb78000000-7fdb78021000 rw-p 00000000 00:00 0 
7fdb78021000-7fdb7c000000 ---p 00000000 00:00 0 
7fdb7c000000-7fdb7c8b9000 rw-p 00000000 00:00 0 
7fdb7c8b9000-7fdb80000000 ---p 00000000 00:00 0 
7fdb80000000-7fdb80025000 rw-p 00000000 00:00 0 
7fdb80025000-7fdb84000000 ---p 00000000 00:00 0 
7fdb84000000-7fdb84021000 rw-p 00000000 00:00 0 
7fdb84021000-7fdb88000000 ---p 00000000 00:00 0 
7fdb88000000-7fdb88021000 rw-p 00000000 00:00 0 
7fdb88021000-7fdb8c000000 ---p 00000000 00:00 0 
7fdb8c000000-7fdb8c021000 rw-p 00000000 00:00 0 
7fdb8c021000-7fdb90000000 ---p 00000000 00:00 0 
7fdb90000000-7fdb90060000 rw-p 00000000 00:00 0 
7fdb90060000-7fdb90080000 rw-p 00000000 00:00 0 
7fdb90080000-7fdb90100000 rw-p 00000000 00:00 0 
7fdb90100000-7fdb90300000 rw-p 00000000 00:00 0 
7fdb90300000-7fdb903c0000 rw-p 00000000 00:00 0 
7fdb903c0000-7fdb90400000 rw-p 00000000 00:00 0 
7fdb90400000-7fdb90500000 rw-p 00000000 00:00 0 
7fdb90500000-7fdb90600000 rw-p 00000000 00:00 0 
7fdb90600000-7fdb90800000 rw-p 00000000 00:00 0 
7fdb90800000-7fdb90900000 rw-p 00000000 00:00 0 
7fdb90900000-7fdb90a00000 rw-p 00000000 00:00 0 
7fdb90a00000-7fdb90f80000 rw-p 00000000 00:00 0 
7fdb90f80000-7fdb91000000 rw-p 00000000 00:00 0 
7fdb91000000-7fdb91100000 rw-p 00000000 00:00 0 
7fdb91100000-7fdb91200000 rw-p 00000000 00:00 0 
7fdb91200000-7fdb91500000 rw-p 00000000 00:00 0 
7fdb91500000-7fdb91600000 rw-p 00000000 00:00 0 
7fdb91600000-7fdb91800000 rw-p 00000000 00:00 0 
7fdb91800000-7fdb91810000 r-xp 00000000 00:17b8 350                      /home/runner/.cache/jdt-language-server/config/org.eclipse.equinox.launcher/org.eclipse.equinox.launcher.gtk.linux.x86_64_1.2.400.v20211117-0650/eclipse_11600.so
7fdb91810000-7fdb91a0f000 ---p 00010000 00:17b8 350                      /home/runner/.cache/jdt-language-server/config/org.eclipse.equinox.launcher/org.eclipse.equinox.launcher.gtk.linux.x86_64_1.2.400.v20211117-0650/eclipse_11600.so
7fdb91a0f000-7fdb91a10000 r--p 0000f000 00:17b8 350                      /home/runner/.cache/jdt-language-server/config/org.eclipse.equinox.launcher/org.eclipse.equinox.launcher.gtk.linux.x86_64_1.2.400.v20211117-0650/eclipse_11600.so
7fdb91a10000-7fdb91a11000 rw-p 00010000 00:17b8 350                      /home/runner/.cache/jdt-language-server/config/org.eclipse.equinox.launcher/org.eclipse.equinox.launcher.gtk.linux.x86_64_1.2.400.v20211117-0650/eclipse_11600.so
7fdb92500000-7fdb92600000 ---p 00000000 00:00 0 
7fdb92600000-7fdb92baf000 r--p 01122000 00:17bb 9223372037562577944      /nix/store/gpxl5qgg8kicmcvivwmybwjlpf7wh20l-graalvm17-ce-22.3.0/lib/libjvmcicompiler.so
7fdb92baf000-7fdb92d00000 r--p 00000000 00:00 0 
7fdb92d00000-7fdb92d3d000 rw-p 00000000 00:00 0 
7fdb92d3d000-7fdb9325d000 rw-p 0185f000 00:17bb 9223372037562577944      /nix/store/gpxl5qgg8kicmcvivwmybwjlpf7wh20l-graalvm17-ce-22.3.0/lib/libjvmcicompiler.so
7fdb9325d000-7fdb93644000 r--p 01d7f000 00:17bb 9223372037562577944      /nix/store/gpxl5qgg8kicmcvivwmybwjlpf7wh20l-graalvm17-ce-22.3.0/lib/libjvmcicompiler.so
7fdb93700000-7fdb93704000 ---p 00000000 00:00 0 
7fdb93704000-7fdb93800000 rw-p 00000000 00:00 0 
7fdb93800000-7fdb93804000 ---p 00000000 00:00 0 
7fdb93804000-7fdb93900000 rw-p 00000000 00:00 0 
7fdb93a00000-7fdb93a04000 ---p 00000000 00:00 0 
7fdb93a04000-7fdb93b00000 rw-p 00000000 00:00 0 
7fdb93b00000-7fdb93b04000 ---p 00000000 00:00 0 
7fdb93b04000-7fdb93c00000 rw-p 00000000 00:00 0 
7fdb93c00000-7fdb93c04000 ---p 00000000 00:00 0 
7fdb93c04000-7fdb93d00000 rw-p 00000000 00:00 0 
7fdb93d00000-7fdb93d04000 ---p 00000000 00:00 0 
7fdb93d04000-7fdb93e00000 rw-p 00000000 00:00 0 
7fdb93e00000-7fdb93e04000 ---p 00000000 00:00 0 
7fdb93e04000-7fdb93f00000 rw-p 00000000 00:00 0 
7fdb93f00000-7fdb93f04000 ---p 00000000 00:00 0 
7fdb93f04000-7fdb94000000 rw-p 00000000 00:00 0 
7fdb94000000-7fdb94004000 ---p 00000000 00:00 0 
7fdb94004000-7fdb94100000 rw-p 00000000 00:00 0 
7fdb94100000-7fdb94104000 ---p 00000000 00:00 0 
7fdb94104000-7fdb94200000 rw-p 00000000 00:00 0 
7fdb94300000-7fdb94304000 ---p 00000000 00:00 0 
7fdb94304000-7fdb94400000 rw-p 00000000 00:00 0 
7fdb94500000-7fdb94504000 ---p 00000000 00:00 0 
7fdb94504000-7fdb94600000 rw-p 00000000 00:00 0 
7fdb94700000-7fdb94704000 ---p 00000000 00:00 0 
7fdb94704000-7fdb94800000 rw-p 00000000 00:00 0 
7fdb94900000-7fdb94904000 ---p 00000000 00:00 0 
7fdb94904000-7fdb94a00000 rw-p 00000000 00:00 0 
7fdb94a00000-7fdb94a04000 ---p 00000000 00:00 0 
7fdb94a04000-7fdb94b00000 rw-p 00000000 00:00 0 
7fdb94b00000-7fdb94b04000 ---p 00000000 00:00 0 
7fdb94b04000-7fdb94c00000 rw-p 00000000 00:00 0 
7fdb94d00000-7fdb94d04000 ---p 00000000 00:00 0 
7fdb94d04000-7fdb94e00000 rw-p 00000000 00:00 0 
7fdb94f00000-7fdb94f04000 ---p 00000000 00:00 0 
7fdb94f04000-7fdb95000000 rw-p 00000000 00:00 0 
7fdb95100000-7fdb95104000 ---p 00000000 00:00 0 
7fdb95104000-7fdb95200000 rw-p 00000000 00:00 0 
7fdb95200000-7fdb95204000 ---p 00000000 00:00 0 
7fdb95204000-7fdb95300000 rw-p 00000000 00:00 0 
7fdb95300000-7fdb95304000 ---p 00000000 00:00 0 
7fdb95304000-7fdb95400000 rw-p 00000000 00:00 0 
7fdb95500000-7fdb95504000 ---p 00000000 00:00 0 
7fdb95504000-7fdb95600000 rw-p 00000000 00:00 0 
7fdb95600000-7fdb95604000 ---p 00000000 00:00 0 
7fdb95604000-7fdb95700000 rw-p 00000000 00:00 0 
7fdb95700000-7fdb95704000 ---p 00000000 00:00 0 
7fdb95704000-7fdb95800000 rw-p 00000000 00:00 0 
7fdb95900000-7fdb95904000 ---p 00000000 00:00 0 
7fdb95904000-7fdb95a00000 rw-p 00000000 00:00 0 
7fdb95b00000-7fdb95b04000 ---p 00000000 00:00 0 
7fdb95b04000-7fdb95c00000 rw-p 00000000 00:00 0 
7fdb95c00000-7fdb97d6a000 r-xp 00000000 00:17bb 9223372037562577944      /nix/store/gpxl5qgg8kicmcvivwmybwjlpf7wh20l-graalvm17-ce-22.3.0/lib/libjvmcicompiler.so
7fdb97d6a000-7fdb97f69000 ---p 0216a000 00:17bb 9223372037562577944      /nix/store/gpxl5qgg8kicmcvivwmybwjlpf7wh20l-graalvm17-ce-22.3.0/lib/libjvmcicompiler.so
7fdb97f69000-7fdb97f6a000 r--p 02169000 00:17bb 9223372037562577944      /nix/store/gpxl5qgg8kicmcvivwmybwjlpf7wh20l-graalvm17-ce-22.3.0/lib/libjvmcicompiler.so
7fdb97f6a000-7fdb97f6c000 rw-p 0216a000 00:17bb 9223372037562577944      /nix/store/gpxl5qgg8kicmcvivwmybwjlpf7wh20l-graalvm17-ce-22.3.0/lib/libjvmcicompiler.so
7fdb97f6c000-7fdb97f6d000 rw-p 00000000 00:00 0 
7fdb97f6d000-7fdb97f72000 rw-p 023c3000 00:17bb 9223372037562577944      /nix/store/gpxl5qgg8kicmcvivwmybwjlpf7wh20l-graalvm17-ce-22.3.0/lib/libjvmcicompiler.so
7fdb98000000-7fdb98021000 rw-p 00000000 00:00 0 
7fdb98021000-7fdb9c000000 ---p 00000000 00:00 0 
7fdb9c000000-7fdb9c021000 rw-p 00000000 00:00 0 
7fdb9c021000-7fdba0000000 ---p 00000000 00:00 0 
7fdba0000000-7fdba0021000 rw-p 00000000 00:00 0 
7fdba0021000-7fdba4000000 ---p 00000000 00:00 0 
7fdba4000000-7fdba4021000 rw-p 00000000 00:00 0 
7fdba4021000-7fdba8000000 ---p 00000000 00:00 0 
7fdba8000000-7fdba80e2000 rw-p 00000000 00:00 0 
7fdba80e2000-7fdbac000000 ---p 00000000 00:00 0 
7fdbac000000-7fdbacb30000 rw-p 00000000 00:00 0 
7fdbacb30000-7fdbb0000000 ---p 00000000 00:00 0 
7fdbb0000000-7fdbb0021000 rw-p 00000000 00:00 0 
7fdbb0021000-7fdbb4000000 ---p 00000000 00:00 0 
7fdbb4000000-7fdbb4021000 rw-p 00000000 00:00 0 
7fdbb4021000-7fdbb8000000 ---p 00000000 00:00 0 
7fdbb8000000-7fdbb8021000 rw-p 00000000 00:00 0 
7fdbb8021000-7fdbbc000000 ---p 00000000 00:00 0 
7fdbbc000000-7fdbbc021000 rw-p 00000000 00:00 0 
7fdbbc021000-7fdbc0000000 ---p 00000000 00:00 0 
7fdbc0000000-7fdbc0021000 rw-p 00000000 00:00 0 
7fdbc0021000-7fdbc4000000 ---p 00000000 00:00 0 
7fdbc4000000-7fdbc4021000 rw-p 00000000 00:00 0 
7fdbc4021000-7fdbc8000000 ---p 00000000 00:00 0 
7fdbc8000000-7fdbc81c9000 rw-p 00000000 00:00 0 
7fdbc81c9000-7fdbcc000000 ---p 00000000 00:00 0 
7fdbcc000000-7fdbcc004000 ---p 00000000 00:00 0 
7fdbcc004000-7fdbcc100000 rw-p 00000000 00:00 0 
7fdbcc200000-7fdbcc204000 ---p 00000000 00:00 0 
7fdbcc204000-7fdbcc300000 rw-p 00000000 00:00 0 
7fdbcc300000-7fdbcc304000 ---p 00000000 00:00 0 
7fdbcc304000-7fdbcc400000 rw-p 00000000 00:00 0 
7fdbcc400000-7fdbcc404000 ---p 00000000 00:00 0 
7fdbcc404000-7fdbcc500000 rw-p 00000000 00:00 0 
7fdbcd268000-7fdbcd700000 rw-p 00000000 00:00 0 
7fdbcd716000-7fdbcd717000 ---p 00000000 00:00 0 
7fdbcd717000-7fdbcd818000 rw-p 00000000 00:00 0 
7fdbcd818000-7fdbcd81c000 ---p 00000000 00:00 0 
7fdbcd81c000-7fdbcd918000 rw-p 00000000 00:00 0 
7fdbcd918000-7fdbcd91c000 ---p 00000000 00:00 0 
7fdbcd91c000-7fdbcda18000 rw-p 00000000 00:00 0 
7fdbcda18000-7fdbcda1c000 ---p 00000000 00:00 0 
7fdbcda1c000-7fdbcdb18000 rw-p 00000000 00:00 0 
7fdbcdb18000-7fdbcdb1c000 ---p 00000000 00:00 0 
7fdbcdb1c000-7fdbcdd18000 rw-p 00000000 00:00 0 
7fdbcdd18000-7fdbcdd1c000 ---p 00000000 00:00 0 
7fdbcdd1c000-7fdbcdf18000 rw-p 00000000 00:00 0 
7fdbcdf18000-7fdbcdf1c000 ---p 00000000 00:00 0 
7fdbcdf1c000-7fdbce018000 rw-p 00000000 00:00 0 
7fdbce018000-7fdbce01c000 ---p 00000000 00:00 0 
7fdbce01c000-7fdbce118000 rw-p 00000000 00:00 0 
7fdbce118000-7fdbce11c000 ---p 00000000 00:00 0 
7fdbce11c000-7fdbce218000 rw-p 00000000 00:00 0 
7fdbce218000-7fdbce4fe000 r--p 00000000 00:1787 28444448                 /usr/lib/locale/locale-archive
7fdbce4fe000-7fdbce502000 ---p 00000000 00:00 0 
7fdbce502000-7fdbce5fe000 rw-p 00000000 00:00 0 
7fdbce5fe000-7fdbce602000 ---p 00000000 00:00 0 
7fdbce602000-7fdbce6fe000 rw-p 00000000 00:00 0 
7fdbce6fe000-7fdbce6ff000 ---p 00000000 00:00 0 
7fdbce6ff000-7fdbcec00000 rw-p 00000000 00:00 0 
7fdbcec00000-7fdbcef00000 rw-p 00000000 00:00 0 
7fdbcef00000-7fdbcf000000 rw-p 00000000 00:00 0 
7fdbcf0be000-7fdbcf0c2000 ---p 00000000 00:00 0 
7fdbcf0c2000-7fdbcf0e0000 rw-p 00000000 00:00 0 
7fdbcf0e0000-7fdbcf1ae000 r-xp 00000000 00:17bb 9223372037562577940      /nix/store/gpxl5qgg8kicmcvivwmybwjlpf7wh20l-graalvm17-ce-22.3.0/lib/libjsvml.so
7fdbcf1ae000-7fdbcf1af000 r--p 000cd000 00:17bb 9223372037562577940      /nix/store/gpxl5qgg8kicmcvivwmybwjlpf7wh20l-graalvm17-ce-22.3.0/lib/libjsvml.so
7fdbcf1af000-7fdbcf1b0000 rw-p 000ce000 00:17bb 9223372037562577940      /nix/store/gpxl5qgg8kicmcvivwmybwjlpf7wh20l-graalvm17-ce-22.3.0/lib/libjsvml.so
7fdbcf1b0000-7fdbcf4b3000 rw-p 00000000 00:00 0 
7fdbcf4b3000-7fdbcf723000 rwxp 00000000 00:00 0 
7fdbcf723000-7fdbcfa42000 ---p 00000000 00:00 0 
7fdbcfa42000-7fdbd0972000 rwxp 00000000 00:00 0 
7fdbd0972000-7fdbd6f7a000 ---p 00000000 00:00 0 
7fdbd6f7a000-7fdbd71ea000 rwxp 00000000 00:00 0 
7fdbd71ea000-7fdbde4b3000 ---p 00000000 00:00 0 
7fdbde4b3000-7fdbe8000000 r--s 00000000 00:17bb 9223372037562580485      /nix/store/gpxl5qgg8kicmcvivwmybwjlpf7wh20l-graalvm17-ce-22.3.0/lib/modules
7fdbe8000000-7fdbe8619000 rw-p 00000000 00:00 0 
7fdbe8619000-7fdbec000000 ---p 00000000 00:00 0 
7fdbec00e000-7fdbec010000 r-xp 00000000 00:17bb 9223372037562577921      /nix/store/gpxl5qgg8kicmcvivwmybwjlpf7wh20l-graalvm17-ce-22.3.0/lib/libextnet.so
7fdbec010000-7fdbec011000 r--p 00001000 00:17bb 9223372037562577921      /nix/store/gpxl5qgg8kicmcvivwmybwjlpf7wh20l-graalvm17-ce-22.3.0/lib/libextnet.so
7fdbec011000-7fdbec012000 rw-p 00002000 00:17bb 9223372037562577921      /nix/store/gpxl5qgg8kicmcvivwmybwjlpf7wh20l-graalvm17-ce-22.3.0/lib/libextnet.so
7fdbec012000-7fdbec013000 rw-p 00004000 00:17bb 9223372037562577921      /nix/store/gpxl5qgg8kicmcvivwmybwjlpf7wh20l-graalvm17-ce-22.3.0/lib/libextnet.so
7fdbec013000-7fdbec01a000 r-xp 00000000 00:17bb 9223372037562580484      /nix/store/gpxl5qgg8kicmcvivwmybwjlpf7wh20l-graalvm17-ce-22.3.0/lib/libzip.so
7fdbec01a000-7fdbec01b000 ---p 00007000 00:17bb 9223372037562580484      /nix/store/gpxl5qgg8kicmcvivwmybwjlpf7wh20l-graalvm17-ce-22.3.0/lib/libzip.so
7fdbec01b000-7fdbec01c000 r--p 00007000 00:17bb 9223372037562580484      /nix/store/gpxl5qgg8kicmcvivwmybwjlpf7wh20l-graalvm17-ce-22.3.0/lib/libzip.so
7fdbec01c000-7fdbec01d000 rw-p 00008000 00:17bb 9223372037562580484      /nix/store/gpxl5qgg8kicmcvivwmybwjlpf7wh20l-graalvm17-ce-22.3.0/lib/libzip.so
7fdbec01d000-7fdbec01f000 rw-p 0000b000 00:17bb 9223372037562580484      /nix/store/gpxl5qgg8kicmcvivwmybwjlpf7wh20l-graalvm17-ce-22.3.0/lib/libzip.so
7fdbec01f000-7fdbec034000 r-xp 00000000 00:17bb 9223372037562580474      /nix/store/gpxl5qgg8kicmcvivwmybwjlpf7wh20l-graalvm17-ce-22.3.0/lib/libnet.so
7fdbec034000-7fdbec035000 ---p 00015000 00:17bb 9223372037562580474      /nix/store/gpxl5qgg8kicmcvivwmybwjlpf7wh20l-graalvm17-ce-22.3.0/lib/libnet.so
7fdbec035000-7fdbec036000 r--p 00015000 00:17bb 9223372037562580474      /nix/store/gpxl5qgg8kicmcvivwmybwjlpf7wh20l-graalvm17-ce-22.3.0/lib/libnet.so
7fdbec036000-7fdbec037000 rw-p 00016000 00:17bb 9223372037562580474      /nix/store/gpxl5qgg8kicmcvivwmybwjlpf7wh20l-graalvm17-ce-22.3.0/lib/libnet.so
7fdbec037000-7fdbec03a000 rw-p 0001b000 00:17bb 9223372037562580474      /nix/store/gpxl5qgg8kicmcvivwmybwjlpf7wh20l-graalvm17-ce-22.3.0/lib/libnet.so
7fdbec03a000-7fdbec04d000 r-xp 00000000 00:17bb 9223372037562580475      /nix/store/gpxl5qgg8kicmcvivwmybwjlpf7wh20l-graalvm17-ce-22.3.0/lib/libnio.so
7fdbec04d000-7fdbec04e000 r--p 00012000 00:17bb 9223372037562580475      /nix/store/gpxl5qgg8kicmcvivwmybwjlpf7wh20l-graalvm17-ce-22.3.0/lib/libnio.so
7fdbec04e000-7fdbec04f000 rw-p 00013000 00:17bb 9223372037562580475      /nix/store/gpxl5qgg8kicmcvivwmybwjlpf7wh20l-graalvm17-ce-22.3.0/lib/libnio.so
7fdbec04f000-7fdbec054000 rw-p 00019000 00:17bb 9223372037562580475      /nix/store/gpxl5qgg8kicmcvivwmybwjlpf7wh20l-graalvm17-ce-22.3.0/lib/libnio.so
7fdbec054000-7fdbed629000 rw-p 00000000 00:00 0 
7fdbed629000-7fdbed62a000 ---p 00000000 00:00 0 
7fdbed62a000-7fdbed7d5000 rw-p 00000000 00:00 0 
7fdbed7d5000-7fdbed7ea000 rw-p 00000000 00:00 0 
7fdbed7ea000-7fdbed82b000 ---p 00000000 00:00 0 
7fdbed82b000-7fdbed831000 rw-p 00000000 00:00 0 
7fdbed831000-7fdbed917000 ---p 00000000 00:00 0 
7fdbed917000-7fdbed936000 rw-p 00000000 00:00 0 
7fdbed936000-7fdbeda02000 ---p 00000000 00:00 0 
7fdbeda02000-7fdbeda07000 rw-p 00000000 00:00 0 
7fdbeda07000-7fdbeda0e000 ---p 00000000 00:00 0 
7fdbeda0e000-7fdbeda32000 r-xp 00000000 00:17bb 9223372037562577932      /nix/store/gpxl5qgg8kicmcvivwmybwjlpf7wh20l-graalvm17-ce-22.3.0/lib/libjava.so
7fdbeda32000-7fdbeda33000 ---p 00024000 00:17bb 9223372037562577932      /nix/store/gpxl5qgg8kicmcvivwmybwjlpf7wh20l-graalvm17-ce-22.3.0/lib/libjava.so
7fdbeda33000-7fdbeda34000 r--p 00024000 00:17bb 9223372037562577932      /nix/store/gpxl5qgg8kicmcvivwmybwjlpf7wh20l-graalvm17-ce-22.3.0/lib/libjava.so
7fdbeda34000-7fdbeda35000 rw-p 00025000 00:17bb 9223372037562577932      /nix/store/gpxl5qgg8kicmcvivwmybwjlpf7wh20l-graalvm17-ce-22.3.0/lib/libjava.so
7fdbeda35000-7fdbeda36000 rw-p 00000000 00:00 0 
7fdbeda36000-7fdbeda3d000 rw-p 0002f000 00:17bb 9223372037562577932      /nix/store/gpxl5qgg8kicmcvivwmybwjlpf7wh20l-graalvm17-ce-22.3.0/lib/libjava.so
7fdbeda3d000-7fdbeda45000 rw-s 00000000 00:f4b 347                       /tmp/hsperfdata_runner/26
7fdbeda45000-7fdbeda46000 ---p 00000000 00:00 0 
7fdbeda46000-7fdbeda47000 r--p 00000000 00:00 0 
7fdbeda47000-7fdbeda48000 rwxp 00000000 00:00 0 
7fdbeda48000-7fdbeda63000 r-xp 00000000 00:17bb 9223372037562577936      /nix/store/gpxl5qgg8kicmcvivwmybwjlpf7wh20l-graalvm17-ce-22.3.0/lib/libjimage.so
7fdbeda63000-7fdbeda64000 ---p 0001b000 00:17bb 9223372037562577936      /nix/store/gpxl5qgg8kicmcvivwmybwjlpf7wh20l-graalvm17-ce-22.3.0/lib/libjimage.so
7fdbeda64000-7fdbeda66000 r--p 0001b000 00:17bb 9223372037562577936      /nix/store/gpxl5qgg8kicmcvivwmybwjlpf7wh20l-graalvm17-ce-22.3.0/lib/libjimage.so
7fdbeda66000-7fdbeda67000 rw-p 0001d000 00:17bb 9223372037562577936      /nix/store/gpxl5qgg8kicmcvivwmybwjlpf7wh20l-graalvm17-ce-22.3.0/lib/libjimage.so
7fdbeda67000-7fdbeda68000 rw-p 00024000 00:17bb 9223372037562577936      /nix/store/gpxl5qgg8kicmcvivwmybwjlpf7wh20l-graalvm17-ce-22.3.0/lib/libjimage.so
7fdbeda68000-7fdbeda6c000 ---p 00000000 00:00 0 
7fdbeda6c000-7fdbedb68000 rw-p 00000000 00:00 0 
7fdbedb68000-7fdbedb76000 r--p 00000000 00:17bb 9223372037455367831      /nix/store/4nlgxhb09sdr51nc9hdm8az5b08vzkgx-glibc-2.35-163/lib/libm.so.6
7fdbedb76000-7fdbedbe9000 r-xp 0000e000 00:17bb 9223372037455367831      /nix/store/4nlgxhb09sdr51nc9hdm8az5b08vzkgx-glibc-2.35-163/lib/libm.so.6
7fdbedbe9000-7fdbedc46000 r--p 00081000 00:17bb 9223372037455367831      /nix/store/4nlgxhb09sdr51nc9hdm8az5b08vzkgx-glibc-2.35-163/lib/libm.so.6
7fdbedc46000-7fdbedc47000 r--p 000dd000 00:17bb 9223372037455367831      /nix/store/4nlgxhb09sdr51nc9hdm8az5b08vzkgx-glibc-2.35-163/lib/libm.so.6
7fdbedc47000-7fdbedc48000 rw-p 000de000 00:17bb 9223372037455367831      /nix/store/4nlgxhb09sdr51nc9hdm8az5b08vzkgx-glibc-2.35-163/lib/libm.so.6
7fdbedc48000-7fdbedc49000 r--p 00000000 00:17bb 9223372037455367850      /nix/store/4nlgxhb09sdr51nc9hdm8az5b08vzkgx-glibc-2.35-163/lib/librt.so.1
7fdbedc49000-7fdbedc4a000 r-xp 00001000 00:17bb 9223372037455367850      /nix/store/4nlgxhb09sdr51nc9hdm8az5b08vzkgx-glibc-2.35-163/lib/librt.so.1
7fdbedc4a000-7fdbedc4b000 r--p 00002000 00:17bb 9223372037455367850      /nix/store/4nlgxhb09sdr51nc9hdm8az5b08vzkgx-glibc-2.35-163/lib/librt.so.1
7fdbedc4b000-7fdbedc4c000 r--p 00002000 00:17bb 9223372037455367850      /nix/store/4nlgxhb09sdr51nc9hdm8az5b08vzkgx-glibc-2.35-163/lib/librt.so.1
7fdbedc4c000-7fdbedc4d000 rw-p 00003000 00:17bb 9223372037455367850      /nix/store/4nlgxhb09sdr51nc9hdm8az5b08vzkgx-glibc-2.35-163/lib/librt.so.1
7fdbedc4d000-7fdbeed60000 r-xp 00000000 00:17bb 9223372037562748770      /nix/store/gpxl5qgg8kicmcvivwmybwjlpf7wh20l-graalvm17-ce-22.3.0/lib/server/libjvm.so
7fdbeed60000-7fdbeed61000 ---p 01113000 00:17bb 9223372037562748770      /nix/store/gpxl5qgg8kicmcvivwmybwjlpf7wh20l-graalvm17-ce-22.3.0/lib/server/libjvm.so
7fdbeed61000-7fdbeee16000 r--p 01113000 00:17bb 9223372037562748770      /nix/store/gpxl5qgg8kicmcvivwmybwjlpf7wh20l-graalvm17-ce-22.3.0/lib/server/libjvm.so
7fdbeee16000-7fdbeee4a000 rw-p 011c8000 00:17bb 9223372037562748770      /nix/store/gpxl5qgg8kicmcvivwmybwjlpf7wh20l-graalvm17-ce-22.3.0/lib/server/libjvm.so
7fdbeee4a000-7fdbeeea6000 rw-p 00000000 00:00 0 
7fdbeeea6000-7fdbeeece000 r--p 00000000 00:17bb 9223372037455367822      /nix/store/4nlgxhb09sdr51nc9hdm8az5b08vzkgx-glibc-2.35-163/lib/libc.so.6
7fdbeeece000-7fdbef044000 r-xp 00028000 00:17bb 9223372037455367822      /nix/store/4nlgxhb09sdr51nc9hdm8az5b08vzkgx-glibc-2.35-163/lib/libc.so.6
7fdbef044000-7fdbef09c000 r--p 0019e000 00:17bb 9223372037455367822      /nix/store/4nlgxhb09sdr51nc9hdm8az5b08vzkgx-glibc-2.35-163/lib/libc.so.6
7fdbef09c000-7fdbef0a0000 r--p 001f6000 00:17bb 9223372037455367822      /nix/store/4nlgxhb09sdr51nc9hdm8az5b08vzkgx-glibc-2.35-163/lib/libc.so.6
7fdbef0a0000-7fdbef0a2000 rw-p 001fa000 00:17bb 9223372037455367822      /nix/store/4nlgxhb09sdr51nc9hdm8az5b08vzkgx-glibc-2.35-163/lib/libc.so.6
7fdbef0a2000-7fdbef0b1000 rw-p 00000000 00:00 0 
7fdbef0b1000-7fdbef0b2000 r--p 00000000 00:17bb 9223372037455367827      /nix/store/4nlgxhb09sdr51nc9hdm8az5b08vzkgx-glibc-2.35-163/lib/libdl.so.2
7fdbef0b2000-7fdbef0b3000 r-xp 00001000 00:17bb 9223372037455367827      /nix/store/4nlgxhb09sdr51nc9hdm8az5b08vzkgx-glibc-2.35-163/lib/libdl.so.2
7fdbef0b3000-7fdbef0b4000 r--p 00002000 00:17bb 9223372037455367827      /nix/store/4nlgxhb09sdr51nc9hdm8az5b08vzkgx-glibc-2.35-163/lib/libdl.so.2
7fdbef0b4000-7fdbef0b5000 r--p 00002000 00:17bb 9223372037455367827      /nix/store/4nlgxhb09sdr51nc9hdm8az5b08vzkgx-glibc-2.35-163/lib/libdl.so.2
7fdbef0b5000-7fdbef0b6000 rw-p 00003000 00:17bb 9223372037455367827      /nix/store/4nlgxhb09sdr51nc9hdm8az5b08vzkgx-glibc-2.35-163/lib/libdl.so.2
7fdbef0b6000-7fdbef0b7000 r--p 00000000 00:17bb 9223372037455367846      /nix/store/4nlgxhb09sdr51nc9hdm8az5b08vzkgx-glibc-2.35-163/lib/libpthread.so.0
7fdbef0b7000-7fdbef0b8000 r-xp 00001000 00:17bb 9223372037455367846      /nix/store/4nlgxhb09sdr51nc9hdm8az5b08vzkgx-glibc-2.35-163/lib/libpthread.so.0
7fdbef0b8000-7fdbef0b9000 r--p 00002000 00:17bb 9223372037455367846      /nix/store/4nlgxhb09sdr51nc9hdm8az5b08vzkgx-glibc-2.35-163/lib/libpthread.so.0
7fdbef0b9000-7fdbef0ba000 r--p 00002000 00:17bb 9223372037455367846      /nix/store/4nlgxhb09sdr51nc9hdm8az5b08vzkgx-glibc-2.35-163/lib/libpthread.so.0
7fdbef0ba000-7fdbef0bb000 rw-p 00003000 00:17bb 9223372037455367846      /nix/store/4nlgxhb09sdr51nc9hdm8az5b08vzkgx-glibc-2.35-163/lib/libpthread.so.0
7fdbef0bb000-7fdbef0c9000 r-xp 00000000 00:17bb 9223372037562577937      /nix/store/gpxl5qgg8kicmcvivwmybwjlpf7wh20l-graalvm17-ce-22.3.0/lib/libjli.so
7fdbef0c9000-7fdbef0ca000 ---p 0000e000 00:17bb 9223372037562577937      /nix/store/gpxl5qgg8kicmcvivwmybwjlpf7wh20l-graalvm17-ce-22.3.0/lib/libjli.so
7fdbef0ca000-7fdbef0cb000 r--p 0000e000 00:17bb 9223372037562577937      /nix/store/gpxl5qgg8kicmcvivwmybwjlpf7wh20l-graalvm17-ce-22.3.0/lib/libjli.so
7fdbef0cb000-7fdbef0cc000 rw-p 0000f000 00:17bb 9223372037562577937      /nix/store/gpxl5qgg8kicmcvivwmybwjlpf7wh20l-graalvm17-ce-22.3.0/lib/libjli.so
7fdbef0cc000-7fdbef0cd000 rw-p 00012000 00:17bb 9223372037562577937      /nix/store/gpxl5qgg8kicmcvivwmybwjlpf7wh20l-graalvm17-ce-22.3.0/lib/libjli.so
7fdbef0cd000-7fdbef0d0000 r--p 00000000 00:17bb 9223372037533597975      /nix/store/026hln0aq1hyshaxsdvhg0kmcm6yf45r-zlib-1.2.13/lib/libz.so.1.2.13
7fdbef0d0000-7fdbef0e2000 r-xp 00003000 00:17bb 9223372037533597975      /nix/store/026hln0aq1hyshaxsdvhg0kmcm6yf45r-zlib-1.2.13/lib/libz.so.1.2.13
7fdbef0e2000-7fdbef0e9000 r--p 00015000 00:17bb 9223372037533597975      /nix/store/026hln0aq1hyshaxsdvhg0kmcm6yf45r-zlib-1.2.13/lib/libz.so.1.2.13
7fdbef0e9000-7fdbef0ea000 r--p 0001b000 00:17bb 9223372037533597975      /nix/store/026hln0aq1hyshaxsdvhg0kmcm6yf45r-zlib-1.2.13/lib/libz.so.1.2.13
7fdbef0ea000-7fdbef0eb000 rw-p 0001c000 00:17bb 9223372037533597975      /nix/store/026hln0aq1hyshaxsdvhg0kmcm6yf45r-zlib-1.2.13/lib/libz.so.1.2.13
7fdbef0eb000-7fdbef0ed000 rw-p 00000000 00:00 0 
7fdbef0ed000-7fdbef0ef000 r--p 00000000 00:17bb 9223372037455367816      /nix/store/4nlgxhb09sdr51nc9hdm8az5b08vzkgx-glibc-2.35-163/lib/ld-linux-x86-64.so.2
7fdbef0ef000-7fdbef116000 r-xp 00002000 00:17bb 9223372037455367816      /nix/store/4nlgxhb09sdr51nc9hdm8az5b08vzkgx-glibc-2.35-163/lib/ld-linux-x86-64.so.2
7fdbef116000-7fdbef122000 r--p 00029000 00:17bb 9223372037455367816      /nix/store/4nlgxhb09sdr51nc9hdm8az5b08vzkgx-glibc-2.35-163/lib/ld-linux-x86-64.so.2
7fdbef122000-7fdbef124000 r--p 00034000 00:17bb 9223372037455367816      /nix/store/4nlgxhb09sdr51nc9hdm8az5b08vzkgx-glibc-2.35-163/lib/ld-linux-x86-64.so.2
7fdbef124000-7fdbef126000 rw-p 00036000 00:17bb 9223372037455367816      /nix/store/4nlgxhb09sdr51nc9hdm8az5b08vzkgx-glibc-2.35-163/lib/ld-linux-x86-64.so.2
7ffc7f922000-7ffc7f946000 rw-p 00000000 00:00 0                          [stack]
7ffc7f9a3000-7ffc7f9a7000 r--p 00000000 00:00 0                          [vvar]
7ffc7f9a7000-7ffc7f9a9000 r-xp 00000000 00:00 0                          [vdso]
ffffffffff600000-ffffffffff601000 --xp 00000000 00:00 0                  [vsyscall]


VM Arguments:
jvm_args: -XX:ThreadPriorityPolicy=1 -XX:+UnlockExperimentalVMOptions -XX:+EnableJVMCIProduct -XX:JVMCIThreadsPerNativeLibraryRuntime=1 -XX:-UnlockExperimentalVMOptions -Declipse.application=org.eclipse.jdt.ls.core.id1 -Dosgi.bundles.defaultStartLevel=4 -Declipse.product=org.eclipse.jdt.ls.core.product -Dlog.level=ALL -Xverify:none -XX:+UseParallelGC -XX:GCTimeRatio=4 -XX:AdaptiveSizePolicyWeight=90 -Dsun.zip.disableMemoryMapping=true -Xmx512m -Xms100m 
java_command: /nix/store/m6gcpi1ii6rghy04cjwjddcavv7i90df-jdt-language-server-1.9.0/share/java/plugins/org.eclipse.equinox.launcher_1.6.400.v20210924-0641.jar --add-modules=ALL-SYSTEM --add-opens java.base/java.util=ALL-UNNAMED --add-opens java.base/java.lang=ALL-UNNAMED -configuration /home/runner/.cache/jdt-language-server/config -data /home/runner/.cache/jdt-language-server/data/home/runner/Cheesesticks-Lunkman-Java
java_class_path (initial): /nix/store/m6gcpi1ii6rghy04cjwjddcavv7i90df-jdt-language-server-1.9.0/share/java/plugins/org.eclipse.equinox.launcher_1.6.400.v20210924-0641.jar
Launcher Type: SUN_STANDARD

[Global flags]
    uintx AdaptiveSizePolicyWeight                 = 90                                        {product} {command line}
     intx CICompilerCount                          = 2                                         {product} {ergonomic}
     bool EnableJVMCIProduct                       = true                                {JVMCI product} {jimage}
    uintx GCTimeRatio                              = 4                                         {product} {command line}
   size_t InitialHeapSize                          = 104857600                                 {product} {command line}
     uint JVMCIThreadsPerNativeLibraryRuntime      = 1                                   {JVMCI product} {jimage}
   size_t MaxHeapSize                              = 536870912                                 {product} {command line}
   size_t MaxNewSize                               = 178782208                                 {product} {ergonomic}
   size_t MinHeapDeltaBytes                        = 524288                                    {product} {ergonomic}
   size_t MinHeapSize                              = 104857600                                 {product} {command line}
   size_t NewSize                                  = 34603008                                  {product} {ergonomic}
    uintx NonNMethodCodeHeapSize                   = 5826188                                {pd product} {ergonomic}
    uintx NonProfiledCodeHeapSize                  = 122916026                              {pd product} {ergonomic}
   size_t OldSize                                  = 70254592                                  {product} {ergonomic}
    uintx ProfiledCodeHeapSize                     = 122916026                              {pd product} {ergonomic}
    uintx ReservedCodeCacheSize                    = 251658240                              {pd product} {ergonomic}
     bool SegmentedCodeCache                       = true                                      {product} {ergonomic}
   size_t SoftMaxHeapSize                          = 536870912                              {manageable} {ergonomic}
     intx ThreadPriorityPolicy                     = 1                                         {product} {jimage}
     bool UseCompressedClassPointers               = true                           {product lp64_product} {ergonomic}
     bool UseCompressedOops                        = true                           {product lp64_product} {ergonomic}
     bool UseParallelGC                            = true                                      {product} {command line}

Logging:
Log output configuration:
 #0: stdout all=warning uptime,level,tags
 #1: stderr all=off uptime,level,tags

Environment Variables:
JAVA_HOME=/nix/store/gpxl5qgg8kicmcvivwmybwjlpf7wh20l-graalvm17-ce-22.3.0
PATH=/nix/store/1d6ian3r8kdzspw8hacjhl3xkp40g1lj-binutils-wrapper-2.39/bin:/nix/store/dq0xwmsk1g0i2ayg6pb7y87na2knzylh-gcc-wrapper-11.3.0/bin:/nix/store/bap4d0lpcrhpwmpb8ayjcgkmvfj62lnq-bash-interactive-5.1-p16/bin:/nix/store/pr5n59mb4jzmfx6kanwxly0l07p861fg-patchelf-0.15.0/bin:/nix/store/1gf2flfqnpqbr1b4p4qz2f72y42bs56r-gcc-11.3.0/bin:/nix/store/57xv61c5zi8pphjbcwxxjlgc34p61ic9-glibc-2.35-163-bin/bin:/nix/store/a7gvj343m05j2s32xcnwr35v31ynlypr-coreutils-9.1/bin:/nix/store/039g378vc3pc3dvi9dzdlrd0i4q93qwf-binutils-2.39/bin:/nix/store/gpxl5qgg8kicmcvivwmybwjlpf7wh20l-graalvm17-ce-22.3.0/bin:/nix/store/6z9ag3ihc8mq2hzsw48lhbznvzny65nz-apache-maven-3.8.6/bin:/nix/store/m6gcpi1ii6rghy04cjwjddcavv7i90df-jdt-language-server-1.9.0/bin:/nix/store/84xs5alhs01zrbr4ywm05kxbjbp5590l-java-debug/bin:/nix/store/mydc6f4k2z73xlcz7ilif3v2lcaiqvza-findutils-4.9.0/bin:/nix/store/j9p3g8472iijd50vhdprx0nmk2fqn5gv-diffutils-3.8/bin:/nix/store/89zs7rms6x00xfq4dq6m7mjnhkr8a6r4-gnused-4.8/bin:/nix/store/86bp03jkmsl6f92w0yzg4s59g5mhxwmy-gnugrep-3.7/bin:/nix/store/hwcdqw4jrjnd37wxqgsd47hd0j8bnj09-gawk-5.1.1/bin:/nix/store/cfbhw8r8ags41vwqaz47r583d0p4h4a1-gnutar-1.34/bin:/nix/store/p3m1ndl1lapwrlh698bnb5lvvxh67378-gzip-1.12/bin:/nix/store/a8mhcagrsly7c7mpjrpsnaahk4aax056-bzip2-1.0.8-bin/bin:/nix/store/mblgz65m3zv9x548a3d5m96fj2pbwr09-gnumake-4.3/bin:/nix/store/dsd5gz46hdbdk2rfdimqddhq6m8m8fqs-bash-5.1-p16/bin:/nix/store/v7ljksji50mg3w61dykaa3n3y79n6nil-patch-2.7.6/bin:/nix/store/zlcnmqq14jz5x9439jf937mvayyl63da-xz-5.2.7-bin/bin:/nix/store/y6aj732zm9m87c82fpvf103a1xb22blp-file-5.43/bin:/nix/store/sgqd0ajghcv2axfl1lad0b1alyavp0dc-prybar-elisp-0.0.0-67f7a00/bin:/nix/store/p3hsvljpgs68jqwar41lc0jqhjj734lf-prybar-lua-0.0.0-67f7a00/bin:/nix/store/qzxs2gybds3s9kb1vkaflpgm2nwr85fh-prybar-python3-0.0.0-67f7a00/bin:/nix/store/km94z9mxp8w4m8gxxp5mbfpdf3nkfvd8-prybar-sqlite-0.0.0-67f7a00/bin:/nix/store/2pnc7b76asw0z59c4l6h6qy8arwqrii1-prybar-tcl-0.0.0-67f7a00/bin:/nix/store/hpbvrlwd5viqmvcaisb3x0118i913a9n-st
LD_LIBRARY_PATH=/nix/store/a4pff549sk2idnkpzk5nsfps3mdkdnvm-cups-2.4.2-lib/lib:/nix/store/72mqxxhh3cy5yifh92wh2yb8cl2hikyy-cairo-1.16.0/lib:/nix/store/2k366jrbsra97gjfxwvrhvixjfxdach5-glib-2.74.1/lib:/nix/store/2j2znigd8ak37rlwh9khz0ry3clqlw1l-gtk+3-3.24.34/lib:/nix/store/hisqvx32cd57apbpcsnkpx6k3549wql1-libglvnd-1.4.0/lib:/nix/store/p36pgcv991mq5srvg765b78yqpxvk3qs-mesa-21.3.3-drivers/lib:/nix/store/mav4251if1ahjq5vkpwycyyvnmy459c4-pulseaudio-14.2/lib
DISPLAY=:0
LANG=en_US.UTF-8

Signal Handlers:
   SIGSEGV: crash_handler in libjvm.so, mask=11100100010111111101111111111110, flags=SA_RESTART|SA_SIGINFO
    SIGBUS: crash_handler in libjvm.so, mask=11100100010111111101111111111110, flags=SA_RESTART|SA_SIGINFO
    SIGFPE: crash_handler in libjvm.so, mask=11100100010111111101111111111110, flags=SA_RESTART|SA_SIGINFO
   SIGPIPE: IsolateEnterStub_IgnoreSIGPIPEStartupHook_noopSignalHandler_8f19bff2f35b5f630d83b364d6b2339320d4ec70_216e8361c6bc87a8f89f58cc10d3b2fd4415bf87 in libjvmcicompiler.so, mask=00000000000000000000000000000000, flags=SA_RESTART
  *** Handler was modified!
  *** Expected: javaSignalHandler in libjvm.so, mask=11100100110111111111111111111110, flags=SA_RESTART|SA_SIGINFO
   SIGXFSZ: javaSignalHandler in libjvm.so, mask=11100100010111111101111111111110, flags=SA_RESTART|SA_SIGINFO
    SIGILL: crash_handler in libjvm.so, mask=11100100010111111101111111111110, flags=SA_RESTART|SA_SIGINFO
   SIGUSR2: SR_handler in libjvm.so, mask=00000000000000000000000000000000, flags=SA_RESTART|SA_SIGINFO
    SIGHUP: UserHandler in libjvm.so, mask=11100100010111111101111111111110, flags=SA_RESTART|SA_SIGINFO
    SIGINT: UserHandler in libjvm.so, mask=11100100010111111101111111111110, flags=SA_RESTART|SA_SIGINFO
   SIGTERM: UserHandler in libjvm.so, mask=11100100010111111101111111111110, flags=SA_RESTART|SA_SIGINFO
   SIGQUIT: UserHandler in libjvm.so, mask=11100100010111111101111111111110, flags=SA_RESTART|SA_SIGINFO
  *** Handler was modified!
  *** Expected: javaSignalHandler in libjvm.so, mask=11100100110111111111111111111110, flags=SA_RESTART|SA_SIGINFO
   SIGTRAP: crash_handler in libjvm.so, mask=11100100010111111101111111111110, flags=SA_RESTART|SA_SIGINFO


---------------  S Y S T E M  ---------------

OS:
DISTRIB_ID=Ubuntu
DISTRIB_RELEASE=20.04
DISTRIB_CODENAME=focal
DISTRIB_DESCRIPTION="Ubuntu 20.04.2 LTS"
uname: Linux 5.15.0-1025-gcp #32~20.04.2-Ubuntu SMP Tue Nov 29 08:31:04 UTC 2022 x86_64
OS uptime: 0 days 3:36 hours
libc: glibc 2.35 NPTL 2.35 
rlimit (soft/hard): STACK 8192k/infinity , CORE infinity/infinity , NPROC infinity/infinity , NOFILE 5242/5242 , AS infinity/infinity , CPU infinity/infinity , DATA infinity/infinity , FSIZE infinity/infinity , MEMLOCK 64k/64k
load average: 18.12 15.74 21.04

/proc/meminfo:
MemTotal:       65852732 kB
MemFree:        24401868 kB
MemAvailable:   49062100 kB
Buffers:         2410528 kB
Cached:         21246252 kB
SwapCached:            0 kB
Active:          8574740 kB
Inactive:       29265832 kB
Active(anon):      33612 kB
Inactive(anon): 13803908 kB
Active(file):    8541128 kB
Inactive(file): 15461924 kB
Unevictable:       43012 kB
Mlocked:           43012 kB
SwapTotal:             0 kB
SwapFree:              0 kB
Dirty:             10080 kB
Writeback:             0 kB
AnonPages:      12730436 kB
Mapped:          1735524 kB
Shmem:            123920 kB
KReclaimable:    1383780 kB
Slab:            2603196 kB
SReclaimable:    1383780 kB
SUnreclaim:      1219416 kB
KernelStack:      413168 kB
PageTables:       170872 kB
NFS_Unstable:          0 kB
Bounce:                0 kB
WritebackTmp:          0 kB
CommitLimit:    32926364 kB
Committed_AS:   72572104 kB
VmallocTotal:   34359738367 kB
VmallocUsed:      450272 kB
VmallocChunk:          0 kB
Percpu:            64160 kB
HardwareCorrupted:     0 kB
AnonHugePages:    290816 kB
ShmemHugePages:        0 kB
ShmemPmdMapped:        0 kB
FileHugePages:         0 kB
FilePmdMapped:         0 kB
HugePages_Total:       0
HugePages_Free:        0
HugePages_Rsvd:        0
HugePages_Surp:        0
Hugepagesize:       2048 kB
Hugetlb:               0 kB
DirectMap4k:     3810112 kB
DirectMap2M:    50712576 kB
DirectMap1G:    14680064 kB

/sys/kernel/mm/transparent_hugepage/enabled: always [madvise] never
/sys/kernel/mm/transparent_hugepage/defrag (defrag/compaction efforts parameter): always defer defer+madvise [madvise] never

Process Memory:
Virtual Size: 5255256K (peak: 5350204K)
Resident Set Size: 732616K (peak: 798836K) (anon: 538204K, file: 194412K, shmem: 0K)
Swapped out: 0K
C-Heap outstanding allocations: 41997K, retained: 12718K
glibc malloc tunables: (default)

/proc/sys/kernel/threads-max (system-wide limit on the number of threads): 514406
/proc/sys/vm/max_map_count (maximum number of memory map areas a process may have): 65530
/proc/sys/kernel/pid_max (system-wide limit on number of process identifiers): 4194304

container (cgroup) information:
container_type: cgroupv1
cpu_cpuset_cpus: 2-7
cpu_memory_nodes: 0
active_processor_count: 1
cpu_quota: 50000
cpu_period: 100000
cpu_shares: 512
memory_limit_in_bytes: 1048576 k
memory_and_swap_limit_in_bytes: 1048576 k
memory_soft_limit_in_bytes: 524288 k
memory_usage_in_bytes: 574668 k
memory_max_usage_in_bytes: 788708 k
maximum number of tasks: 1000
current number of tasks: 56

KVM virtualization detected
Steal ticks since vm start: 0
Steal ticks percentage since vm start:  0.000

CPU: total 8 (initial active 1) (8 cores per cpu, 2 threads per core) family 23 model 49 stepping 0 microcode 0x1000065, cx8, cmov, fxsr, ht, mmx, 3dnowpref, sse, sse2, sse3, ssse3, sse4a, sse4.1, sse4.2, popcnt, lzcnt, tsc, tscinvbit, avx, avx2, aes, clmul, bmi1, bmi2, adx, sha, fma, vzeroupper, clflush, clflushopt, hv
CPU Model and flags from /proc/cpuinfo:
model name	: AMD EPYC 7B12
flags		: fpu vme de pse tsc msr pae mce cx8 apic sep mtrr pge mca cmov pat pse36 clflush mmx fxsr sse sse2 ht syscall nx mmxext fxsr_opt pdpe1gb rdtscp lm constant_tsc rep_good nopl nonstop_tsc cpuid extd_apicid tsc_known_freq pni pclmulqdq ssse3 fma cx16 sse4_1 sse4_2 movbe popcnt aes xsave avx f16c rdrand hypervisor lahf_lm cmp_legacy cr8_legacy abm sse4a misalignsse 3dnowprefetch osvw topoext ssbd ibrs ibpb stibp vmmcall fsgsbase tsc_adjust bmi1 avx2 smep bmi2 rdseed adx smap clflushopt clwb sha_ni xsaveopt xsavec xgetbv1 clzero xsaveerptr arat npt nrip_save umip rdpid

Online cpus: 0-7
Offline cpus: 
BIOS frequency limitation: <Not Available>
Frequency switch latency (ns): <Not Available>
Available cpu frequencies: <Not Available>
Current governor: <Not Available>
Core performance/turbo boost: <Not Available>

Memory: 4k page, physical 1048576k(473896k free), swap 0k(0k free)
Page Sizes: 4k

vm_info: OpenJDK 64-Bit Server VM (17.0.5+8-jvmci-22.3-b08) for linux-amd64 JRE (17.0.5+8-jvmci-22.3-b08), built on Oct 19 2022 09:01:27 by "buildslave" with gcc 10.3.0

END.
